1429365600.000,0
1429365601.000,10,3,-131.17,9,-131.10,14,-129.71,15,-131.31,18,-130.23,19,-130.09,22,-130.89,23,-129.73,27,-129.96,28,-131.05
1429365602.000,10,3,-131.17,9,-131.10,14,-129.71,15,-131.31,18,-130.23,19,-130.09,22,-130.89,23,-129.73,27,-129.96,28,-131.05
1429365603.000,10,3,-131.17,9,-131.10,14,-129.71,15,-131.31,18,-130.23,19,-130.09,22,-130.89,23,-129.73,27,-129.96,28,-131.05
1429365604.000,10,3,-131.17,9,-131.10,14,-129.71,15,-131.31,18,-130.23,19,-130.09,22,-130.89,23,-129.73,27,-129.96,28,-131.05
1429365605.000,10,3,-131.17,9,-131.10,14,-129.71,15,-131.31,18,-130.22,19,-130.09,22,-130.89,23,-129.73,27,-129.96,28,-131.05
1429365606.000,10,3,-131.17,9,-131.10,14,-129.71,15,-131.31,18,-130.22,19,-130.09,22,-130.89,23,-129.73,27,-129.96,28,-131.05
1429365607.000,10,3,-131.17,9,-131.10,14,-129.71,15,-131.31,18,-130.22,19,-130.09,22,-130.89,23,-129.73,27,-129.96,28,-131.05
1429365608.000,10,3,-131.17,9,-131.10,14,-129.71,15,-131.31,18,-130.22,19,-130.09,22,-130.89,23,-129.73,27,-129.96,28,-131.05
1429365609.000,10,3,-131.17,9,-131.10,14,-129.71,15,-131.31,18,-130.22,19,-130.09,22,-130.89,23,-129.73,27,-129.96,28,-131.05
1429365610.000,10,3,-131.17,9,-131.10,14,-129.71,15,-131.31,18,-130.22,19,-130.09,22,-130.89,23,-129.73,27,-129.96,28,-131.05
1429365611.000,10,3,-131.17,9,-131.10,14,-129.71,15,-131.32,18,-130.22,19,-130.09,22,-130.89,23,-129.73,27,-129.96,28,-131.05
1429365612.000,10,3,-131.17,9,-131.10,14,-129.71,15,-131.32,18,-130.22,19,-130.09,22,-130.89,23,-129.73,27,-129.96,28,-131.05
1429365613.000,10,3,-131.17,9,-131.10,14,-129.71,15,-131.32,18,-130.22,19,-130.09,22,-130.89,23,-129.73,27,-129.96,28,-131.05
1429365614.000,10,3,-131.17,9,-131.10,14,-129.71,15,-131.32,18,-130.22,19,-130.09,22,-130.89,23,-129.73,27,-129.96,28,-131.05
1429365615.000,10,3,-131.17,9,-131.10,14,-129.71,15,-131.32,18,-130.22,19,-130.09,22,-130.89,23,-129.73,27,-129.96,28,-131.05
1429365616.000,10,3,-131.17,9,-131.10,14,-129.71,15,-131.32,18,-130.22,19,-130.09,22,-130.89,23,-129.73,27,-129.96,28,-131.05
1429365617.000,10,3,-131.17,9,-131.10,14,-129.71,15,-131.32,18,-130.22,19,-130.09,22,-130.89,23,-129.73,27,-129.96,28,-131.05
1429365618.000,10,3,-131.17,9,-131.10,14,-129.71,15,-131.32,18,-130.22,19,-130.09,22,-130.89,23,-129.73,27,-129.96,28,-131.05
1429365619.000,10,3,-131.17,9,-131.10,14,-129.71,15,-131.32,18,-130.22,19,-130.09,22,-130.89,23,-129.73,27,-129.96,28,-131.05
1429365620.000,10,3,-131.17,9,-131.10,14,-129.71,15,-131.32,18,-130.22,19,-130.09,22,-130.89,23,-129.73,27,-129.96,28,-131.05
1429365621.000,10,3,-131.16,9,-131.10,14,-129.71,15,-131.32,18,-130.22,19,-130.09,22,-130.89,23,-129.73,27,-129.96,28,-131.05
1429365622.000,10,3,-131.16,9,-131.10,14,-129.71,15,-131.32,18,-130.22,19,-130.09,22,-130.89,23,-129.73,27,-129.96,28,-131.05
1429365623.000,10,3,-131.16,9,-131.10,14,-129.71,15,-131.32,18,-130.22,19,-130.09,22,-130.89,23,-129.73,27,-129.96,28,-131.05
1429365624.000,10,3,-131.16,9,-131.10,14,-129.71,15,-131.32,18,-130.22,19,-130.09,22,-130.89,23,-129.73,27,-129.96,28,-131.05
1429365625.000,10,3,-131.16,9,-131.10,14,-129.71,15,-131.32,18,-130.22,19,-130.09,22,-130.88,23,-129.73,27,-129.96,28,-131.05
1429365626.000,10,3,-131.16,9,-131.10,14,-129.71,15,-131.32,18,-130.22,19,-130.09,22,-130.88,23,-129.73,27,-129.96,28,-131.05
1429365627.000,10,3,-131.16,9,-131.10,14,-129.71,15,-131.32,18,-130.22,19,-130.09,22,-130.88,23,-129.73,27,-129.96,28,-131.05
1429365628.000,10,3,-131.16,9,-131.10,14,-129.71,15,-131.32,18,-130.22,19,-130.09,22,-130.88,23,-129.73,27,-129.96,28,-131.05
1429365629.000,10,3,-131.16,9,-131.10,14,-129.71,15,-131.32,18,-130.22,19,-130.09,22,-130.88,23,-129.73,27,-129.96,28,-131.06
1429365630.000,10,3,-131.16,9,-131.10,14,-129.71,15,-131.32,18,-130.22,19,-130.09,22,-130.88,23,-129.73,27,-129.96,28,-131.06
1429365631.000,10,3,-131.16,9,-131.10,14,-129.71,15,-131.32,18,-130.22,19,-130.09,22,-130.88,23,-129.73,27,-129.96,28,-131.06
1429365632.000,10,3,-131.16,9,-131.10,14,-129.71,15,-131.32,18,-130.22,19,-130.09,22,-130.88,23,-129.73,27,-129.96,28,-131.06
1429365633.000,10,3,-131.16,9,-131.10,14,-129.71,15,-131.32,18,-130.22,19,-130.09,22,-130.88,23,-129.73,27,-129.96,28,-131.06
1429365634.000,10,3,-131.16,9,-131.10,14,-129.71,15,-131.32,18,-130.22,19,-130.09,22,-130.88,23,-129.73,27,-129.96,28,-131.06
1429365635.000,10,3,-131.16,9,-131.10,14,-129.71,15,-131.32,18,-130.22,19,-130.09,22,-130.88,23,-129.73,27,-129.96,28,-131.06
1429365636.000,10,3,-131.16,9,-131.10,14,-129.71,15,-131.32,18,-130.22,19,-130.09,22,-130.88,23,-129.73,27,-129.96,28,-131.06
1429365637.000,10,3,-131.16,9,-131.10,14,-129.71,15,-131.32,18,-130.22,19,-130.09,22,-130.88,23,-129.73,27,-129.96,28,-131.06
1429365638.000,10,3,-131.16,9,-131.10,14,-129.71,15,-131.32,18,-130.22,19,-130.09,22,-130.88,23,-129.73,27,-129.96,28,-131.06
1429365639.000,10,3,-131.16,9,-131.10,14,-129.71,15,-131.32,18,-130.22,19,-130.09,22,-130.88,23,-129.73,27,-129.96,28,-131.06
1429365640.000,10,3,-131.16,9,-131.10,14,-129.71,15,-131.32,18,-130.22,19,-130.09,22,-130.88,23,-129.73,27,-129.96,28,-131.06
1429365641.000,10,3,-131.16,9,-131.10,14,-129.71,15,-131.32,18,-130.22,19,-130.09,22,-130.88,23,-129.73,27,-129.96,28,-131.06
1429365642.000,10,3,-131.16,9,-131.10,14,-129.71,15,-131.32,18,-130.22,19,-130.09,22,-130.88,23,-129.73,27,-129.96,28,-131.06
1429365643.000,10,3,-131.16,9,-131.10,14,-129.71,15,-131.32,18,-130.22,19,-130.09,22,-130.88,23,-129.73,27,-129.96,28,-131.06
1429365644.000,10,3,-131.16,9,-131.10,14,-129.71,15,-131.32,18,-130.22,19,-130.09,22,-130.88,23,-129.73,27,-129.96,28,-131.06
1429365645.000,10,3,-131.16,9,-131.10,14,-129.71,15,-131.32,18,-130.22,19,-130.10,22,-130.88,23,-129.73,27,-129.96,28,-131.06
1429365646.000,10,3,-131.16,9,-131.10,14,-129.71,15,-131.32,18,-130.22,19,-130.10,22,-130.88,23,-129.73,27,-129.96,28,-131.06
1429365647.000,10,3,-131.16,9,-131.10,14,-129.71,15,-131.32,18,-130.22,19,-130.10,22,-130.88,23,-129.73,27,-129.96,28,-131.06
1429365648.000,10,3,-131.16,9,-131.10,14,-129.71,15,-131.33,18,-130.22,19,-130.10,22,-130.88,23,-129.73,27,-129.96,28,-131.06
1429365649.000,10,3,-131.16,9,-131.10,14,-129.71,15,-131.33,18,-130.22,19,-130.10,22,-130.88,23,-129.73,27,-129.96,28,-131.06
1429365650.000,10,3,-131.16,9,-131.10,14,-129.71,15,-131.33,18,-130.22,19,-130.10,22,-130.88,23,-129.73,27,-129.96,28,-131.06
1429365651.000,10,3,-131.16,9,-131.10,14,-129.71,15,-131.33,18,-130.22,19,-130.10,22,-130.88,23,-129.73,27,-129.95,28,-131.06
1429365652.000,10,3,-131.16,9,-131.10,14,-129.71,15,-131.33,18,-130.22,19,-130.10,22,-130.88,23,-129.73,27,-129.95,28,-131.06
1429365653.000,10,3,-131.16,9,-131.10,14,-129.71,15,-131.33,18,-130.22,19,-130.10,22,-130.88,23,-129.73,27,-129.95,28,-131.06
1429365654.000,10,3,-131.16,9,-131.10,14,-129.71,15,-131.33,18,-130.22,19,-130.10,22,-130.88,23,-129.73,27,-129.95,28,-131.06
1429365655.000,10,3,-131.16,9,-131.10,14,-129.71,15,-131.33,18,-130.22,19,-130.10,22,-130.88,23,-129.73,27,-129.95,28,-131.06
1429365656.000,10,3,-131.16,9,-131.10,14,-129.71,15,-131.33,18,-130.22,19,-130.10,22,-130.88,23,-129.73,27,-129.95,28,-131.06
1429365657.000,10,3,-131.16,9,-131.10,14,-129.71,15,-131.33,18,-130.21,19,-130.10,22,-130.88,23,-129.73,27,-129.95,28,-131.06
1429365658.000,10,3,-131.16,9,-131.10,14,-129.71,15,-131.33,18,-130.21,19,-130.10,22,-130.88,23,-129.73,27,-129.95,28,-131.06
1429365659.000,10,3,-131.16,9,-131.10,14,-129.71,15,-131.33,18,-130.21,19,-130.10,22,-130.88,23,-129.73,27,-129.95,28,-131.06
1429365660.000,10,3,-131.16,9,-131.10,14,-129.71,15,-131.33,18,-130.21,19,-130.10,22,-130.88,23,-129.73,27,-129.95,28,-131.06
1429365661.000,10,3,-131.16,9,-131.10,14,-129.71,15,-131.33,18,-130.21,19,-130.10,22,-130.88,23,-129.73,27,-129.95,28,-131.06
1429365662.000,10,3,-131.16,9,-131.10,14,-129.71,15,-131.33,18,-130.21,19,-130.10,22,-130.88,23,-129.73,27,-129.95,28,-131.06
1429365663.000,10,3,-131.16,9,-131.10,14,-129.71,15,-131.33,18,-130.21,19,-130.10,22,-130.88,23,-129.73,27,-129.95,28,-131.06
1429365664.000,10,3,-131.16,9,-131.10,14,-129.71,15,-131.33,18,-130.21,19,-130.10,22,-130.88,23,-129.73,27,-129.95,28,-131.06
1429365665.000,10,3,-131.16,9,-131.10,14,-129.71,15,-131.33,18,-130.21,19,-130.10,22,-130.88,23,-129.73,27,-129.95,28,-131.06
1429365666.000,10,3,-131.16,9,-131.10,14,-129.71,15,-131.33,18,-130.21,19,-130.10,22,-130.88,23,-129.73,27,-129.95,28,-131.06
1429365667.000,10,3,-131.16,9,-131.10,14,-129.71,15,-131.33,18,-130.21,19,-130.10,22,-130.88,23,-129.73,27,-129.95,28,-131.06
1429365668.000,10,3,-131.16,9,-131.10,14,-129.71,15,-131.33,18,-130.21,19,-130.10,22,-130.88,23,-129.74,27,-129.95,28,-131.06
1429365669.000,10,3,-131.16,9,-131.10,14,-129.71,15,-131.33,18,-130.21,19,-130.10,22,-130.88,23,-129.74,27,-129.95,28,-131.06
1429365670.000,10,3,-131.16,9,-131.10,14,-129.71,15,-131.33,18,-130.21,19,-130.10,22,-130.88,23,-129.74,27,-129.95,28,-131.06
1429365671.000,10,3,-131.16,9,-131.10,14,-129.71,15,-131.33,18,-130.21,19,-130.10,22,-130.88,23,-129.74,27,-129.95,28,-131.06
1429365672.000,10,3,-131.16,9,-131.10,14,-129.71,15,-131.33,18,-130.21,19,-130.10,22,-130.88,23,-129.74,27,-129.95,28,-131.06
1429365673.000,10,3,-131.16,9,-131.10,14,-129.71,15,-131.33,18,-130.21,19,-130.10,22,-130.88,23,-129.74,27,-129.95,28,-131.06
1429365674.000,10,3,-131.16,9,-131.10,14,-129.71,15,-131.33,18,-130.21,19,-130.10,22,-130.87,23,-129.74,27,-129.95,28,-131.06
1429365675.000,10,3,-131.16,9,-131.10,14,-129.71,15,-131.33,18,-130.21,19,-130.10,22,-130.87,23,-129.74,27,-129.95,28,-131.06
1429365676.000,10,3,-131.16,9,-131.10,14,-129.71,15,-131.33,18,-130.21,19,-130.10,22,-130.87,23,-129.74,27,-129.95,28,-131.06
1429365677.000,10,3,-131.16,9,-131.10,14,-129.71,15,-131.33,18,-130.21,19,-130.10,22,-130.87,23,-129.74,27,-129.95,28,-131.06
1429365678.000,10,3,-131.16,9,-131.10,14,-129.71,15,-131.33,18,-130.21,19,-130.10,22,-130.87,23,-129.74,27,-129.95,28,-131.07
1429365679.000,10,3,-131.16,9,-131.10,14,-129.71,15,-131.33,18,-130.21,19,-130.10,22,-130.87,23,-129.74,27,-129.95,28,-131.07
1429365680.000,10,3,-131.16,9,-131.10,14,-129.71,15,-131.33,18,-130.21,19,-130.10,22,-130.87,23,-129.74,27,-129.95,28,-131.07
1429365681.000,10,3,-131.16,9,-131.10,14,-129.71,15,-131.33,18,-130.21,19,-130.10,22,-130.87,23,-129.74,27,-129.95,28,-131.07
1429365682.000,10,3,-131.16,9,-131.10,14,-129.71,15,-131.33,18,-130.21,19,-130.10,22,-130.87,23,-129.74,27,-129.95,28,-131.07
1429365683.000,10,3,-131.16,9,-131.10,14,-129.71,15,-131.33,18,-130.21,19,-130.10,22,-130.87,23,-129.74,27,-129.95,28,-131.07
1429365684.000,10,3,-131.16,9,-131.10,14,-129.71,15,-131.33,18,-130.21,19,-130.10,22,-130.87,23,-129.74,27,-129.95,28,-131.07
1429365685.000,10,3,-131.16,9,-131.10,14,-129.71,15,-131.34,18,-130.21,19,-130.10,22,-130.87,23,-129.74,27,-129.95,28,-131.07
1429365686.000,10,3,-131.16,9,-131.10,14,-129.71,15,-131.34,18,-130.21,19,-130.10,22,-130.87,23,-129.74,27,-129.95,28,-131.07
1429365687.000,10,3,-131.16,9,-131.10,14,-129.71,15,-131.34,18,-130.21,19,-130.10,22,-130.87,23,-129.74,27,-129.95,28,-131.07
1429365688.000,10,3,-131.16,9,-131.10,14,-129.71,15,-131.34,18,-130.21,19,-130.10,22,-130.87,23,-129.74,27,-129.95,28,-131.07
1429365689.000,10,3,-131.16,9,-131.10,14,-129.71,15,-131.34,18,-130.21,19,-130.10,22,-130.87,23,-129.74,27,-129.95,28,-131.07
1429365690.000,10,3,-131.16,9,-131.10,14,-129.71,15,-131.34,18,-130.21,19,-130.10,22,-130.87,23,-129.74,27,-129.95,28,-131.07
1429365691.000,10,3,-131.16,9,-131.10,14,-129.71,15,-131.34,18,-130.21,19,-130.10,22,-130.87,23,-129.74,27,-129.95,28,-131.07
1429365692.000,10,3,-131.16,9,-131.10,14,-129.71,15,-131.34,18,-130.21,19,-130.10,22,-130.87,23,-129.74,27,-129.95,28,-131.07
1429365693.000,10,3,-131.16,9,-131.10,14,-129.71,15,-131.34,18,-130.21,19,-130.10,22,-130.87,23,-129.74,27,-129.95,28,-131.07
1429365694.000,10,3,-131.16,9,-131.10,14,-129.71,15,-131.34,18,-130.21,19,-130.10,22,-130.87,23,-129.74,27,-129.95,28,-131.07
1429365695.000,10,3,-131.16,9,-131.10,14,-129.71,15,-131.34,18,-130.21,19,-130.10,22,-130.87,23,-129.74,27,-129.95,28,-131.07
1429365696.000,10,3,-131.16,9,-131.10,14,-129.71,15,-131.34,18,-130.21,19,-130.10,22,-130.87,23,-129.74,27,-129.95,28,-131.07
1429365697.000,10,3,-131.16,9,-131.10,14,-129.71,15,-131.34,18,-130.21,19,-130.10,22,-130.87,23,-129.74,27,-129.95,28,-131.07
1429365698.000,10,3,-131.16,9,-131.10,14,-129.71,15,-131.34,18,-130.21,19,-130.10,22,-130.87,23,-129.74,27,-129.95,28,-131.07
1429365699.000,10,3,-131.16,9,-131.10,14,-129.71,15,-131.34,18,-130.21,19,-130.10,22,-130.87,23,-129.74,27,-129.95,28,-131.07
1429365700.000,10,3,-131.16,9,-131.10,14,-129.71,15,-131.34,18,-130.21,19,-130.10,22,-130.87,23,-129.74,27,-129.95,28,-131.07
1429365701.000,10,3,-131.16,9,-131.10,14,-129.71,15,-131.34,18,-130.21,19,-130.10,22,-130.87,23,-129.74,27,-129.95,28,-131.07
1429365702.000,10,3,-131.16,9,-131.10,14,-129.71,15,-131.34,18,-130.21,19,-130.10,22,-130.87,23,-129.74,27,-129.95,28,-131.07
1429365703.000,10,3,-131.16,9,-131.10,14,-129.71,15,-131.34,18,-130.21,19,-130.10,22,-130.87,23,-129.74,27,-129.95,28,-131.07
1429365704.000,10,3,-131.16,9,-131.10,14,-129.71,15,-131.34,18,-130.21,19,-130.10,22,-130.87,23,-129.74,27,-129.95,28,-131.07
1429365705.000,10,3,-131.16,9,-131.10,14,-129.71,15,-131.34,18,-130.21,19,-130.11,22,-130.87,23,-129.74,27,-129.95,28,-131.07
1429365706.000,10,3,-131.16,9,-131.10,14,-129.71,15,-131.34,18,-130.21,19,-130.11,22,-130.87,23,-129.74,27,-129.95,28,-131.07
1429365707.000,10,3,-131.16,9,-131.10,14,-129.71,15,-131.34,18,-130.21,19,-130.11,22,-130.87,23,-129.74,27,-129.95,28,-131.07
1429365708.000,10,3,-131.16,9,-131.10,14,-129.71,15,-131.34,18,-130.21,19,-130.11,22,-130.87,23,-129.74,27,-129.95,28,-131.07
1429365709.000,10,3,-131.16,9,-131.10,14,-129.71,15,-131.34,18,-130.20,19,-130.11,22,-130.87,23,-129.74,27,-129.95,28,-131.07
1429365710.000,10,3,-131.16,9,-131.10,14,-129.71,15,-131.34,18,-130.20,19,-130.11,22,-130.87,23,-129.74,27,-129.95,28,-131.07
1429365711.000,10,3,-131.15,9,-131.10,14,-129.71,15,-131.34,18,-130.20,19,-130.11,22,-130.87,23,-129.74,27,-129.95,28,-131.07
1429365712.000,10,3,-131.15,9,-131.10,14,-129.71,15,-131.34,18,-130.20,19,-130.11,22,-130.87,23,-129.74,27,-129.95,28,-131.07
1429365713.000,10,3,-131.15,9,-131.10,14,-129.71,15,-131.34,18,-130.20,19,-130.11,22,-130.87,23,-129.74,27,-129.95,28,-131.07
1429365714.000,10,3,-131.15,9,-131.10,14,-129.71,15,-131.34,18,-130.20,19,-130.11,22,-130.87,23,-129.74,27,-129.95,28,-131.07
1429365715.000,10,3,-131.15,9,-131.10,14,-129.71,15,-131.34,18,-130.20,19,-130.11,22,-130.87,23,-129.74,27,-129.95,28,-131.07
1429365716.000,10,3,-131.15,9,-131.10,14,-129.71,15,-131.34,18,-130.20,19,-130.11,22,-130.87,23,-129.74,27,-129.95,28,-131.07
1429365717.000,10,3,-131.15,9,-131.11,14,-129.71,15,-131.34,18,-130.20,19,-130.11,22,-130.87,23,-129.74,27,-129.95,28,-131.07
1429365718.000,10,3,-131.15,9,-131.11,14,-129.71,15,-131.34,18,-130.20,19,-130.11,22,-130.87,23,-129.74,27,-129.95,28,-131.07
1429365719.000,10,3,-131.15,9,-131.11,14,-129.71,15,-131.34,18,-130.20,19,-130.11,22,-130.87,23,-129.74,27,-129.94,28,-131.07
1429365720.000,10,3,-131.15,9,-131.11,14,-129.71,15,-131.34,18,-130.20,19,-130.11,22,-130.87,23,-129.74,27,-129.94,28,-131.07
1429365721.000,10,3,-131.15,9,-131.11,14,-129.71,15,-131.34,18,-130.20,19,-130.11,22,-130.87,23,-129.74,27,-129.94,28,-131.07
1429365722.000,10,3,-131.15,9,-131.11,14,-129.71,15,-131.35,18,-130.20,19,-130.11,22,-130.86,23,-129.74,27,-129.94,28,-131.07
1429365723.000,10,3,-131.15,9,-131.11,14,-129.71,15,-131.35,18,-130.20,19,-130.11,22,-130.86,23,-129.74,27,-129.94,28,-131.07
1429365724.000,10,3,-131.15,9,-131.11,14,-129.71,15,-131.35,18,-130.20,19,-130.11,22,-130.86,23,-129.74,27,-129.94,28,-131.07
1429365725.000,10,3,-131.15,9,-131.11,14,-129.71,15,-131.35,18,-130.20,19,-130.11,22,-130.86,23,-129.74,27,-129.94,28,-131.07
1429365726.000,10,3,-131.15,9,-131.11,14,-129.71,15,-131.35,18,-130.20,19,-130.11,22,-130.86,23,-129.74,27,-129.94,28,-131.08
1429365727.000,10,3,-131.15,9,-131.11,14,-129.71,15,-131.35,18,-130.20,19,-130.11,22,-130.86,23,-129.74,27,-129.94,28,-131.08
1429365728.000,10,3,-131.15,9,-131.11,14,-129.71,15,-131.35,18,-130.20,19,-130.11,22,-130.86,23,-129.74,27,-129.94,28,-131.08
1429365729.000,10,3,-131.15,9,-131.11,14,-129.71,15,-131.35,18,-130.20,19,-130.11,22,-130.86,23,-129.74,27,-129.94,28,-131.08
1429365730.000,10,3,-131.15,9,-131.11,14,-129.71,15,-131.35,18,-130.20,19,-130.11,22,-130.86,23,-129.74,27,-129.94,28,-131.08
1429365731.000,10,3,-131.15,9,-131.11,14,-129.71,15,-131.35,18,-130.20,19,-130.11,22,-130.86,23,-129.74,27,-129.94,28,-131.08
1429365732.000,10,3,-131.15,9,-131.11,14,-129.71,15,-131.35,18,-130.20,19,-130.11,22,-130.86,23,-129.74,27,-129.94,28,-131.08
1429365733.000,10,3,-131.15,9,-131.11,14,-129.71,15,-131.35,18,-130.20,19,-130.11,22,-130.86,23,-129.74,27,-129.94,28,-131.08
1429365734.000,10,3,-131.15,9,-131.11,14,-129.71,15,-131.35,18,-130.20,19,-130.11,22,-130.86,23,-129.74,27,-129.94,28,-131.08
1429365735.000,10,3,-131.15,9,-131.11,14,-129.71,15,-131.35,18,-130.20,19,-130.11,22,-130.86,23,-129.74,27,-129.94,28,-131.08
1429365736.000,10,3,-131.15,9,-131.11,14,-129.71,15,-131.35,18,-130.20,19,-130.11,22,-130.86,23,-129.74,27,-129.94,28,-131.08
1429365737.000,10,3,-131.15,9,-131.11,14,-129.71,15,-131.35,18,-130.20,19,-130.11,22,-130.86,23,-129.74,27,-129.94,28,-131.08
1429365738.000,10,3,-131.15,9,-131.11,14,-129.71,15,-131.35,18,-130.20,19,-130.11,22,-130.86,23,-129.74,27,-129.94,28,-131.08
1429365739.000,10,3,-131.15,9,-131.11,14,-129.71,15,-131.35,18,-130.20,19,-130.11,22,-130.86,23,-129.74,27,-129.94,28,-131.08
1429365740.000,10,3,-131.15,9,-131.11,14,-129.71,15,-131.35,18,-130.20,19,-130.11,22,-130.86,23,-129.74,27,-129.94,28,-131.08
1429365741.000,10,3,-131.15,9,-131.11,14,-129.71,15,-131.35,18,-130.20,19,-130.11,22,-130.86,23,-129.74,27,-129.94,28,-131.08
1429365742.000,10,3,-131.15,9,-131.11,14,-129.71,15,-131.35,18,-130.20,19,-130.11,22,-130.86,23,-129.74,27,-129.94,28,-131.08
1429365743.000,10,3,-131.15,9,-131.11,14,-129.71,15,-131.35,18,-130.20,19,-130.11,22,-130.86,23,-129.74,27,-129.94,28,-131.08
1429365744.000,10,3,-131.15,9,-131.11,14,-129.71,15,-131.35,18,-130.20,19,-130.11,22,-130.86,23,-129.74,27,-129.94,28,-131.08
1429365745.000,10,3,-131.15,9,-131.11,14,-129.71,15,-131.35,18,-130.20,19,-130.11,22,-130.86,23,-129.74,27,-129.94,28,-131.08
1429365746.000,10,3,-131.15,9,-131.11,14,-129.71,15,-131.35,18,-130.20,19,-130.11,22,-130.86,23,-129.74,27,-129.94,28,-131.08
1429365747.000,10,3,-131.15,9,-131.11,14,-129.71,15,-131.35,18,-130.20,19,-130.11,22,-130.86,23,-129.74,27,-129.94,28,-131.08
1429365748.000,10,3,-131.15,9,-131.11,14,-129.71,15,-131.35,18,-130.20,19,-130.11,22,-130.86,23,-129.74,27,-129.94,28,-131.08
1429365749.000,10,3,-131.15,9,-131.11,14,-129.71,15,-131.35,18,-130.20,19,-130.11,22,-130.86,23,-129.74,27,-129.94,28,-131.08
1429365750.000,10,3,-131.15,9,-131.11,14,-129.71,15,-131.35,18,-130.20,19,-130.11,22,-130.86,23,-129.74,27,-129.94,28,-131.08
1429365751.000,10,3,-131.15,9,-131.11,14,-129.71,15,-131.35,18,-130.20,19,-130.11,22,-130.86,23,-129.74,27,-129.94,28,-131.08
1429365752.000,10,3,-131.15,9,-131.11,14,-129.72,15,-131.35,18,-130.20,19,-130.11,22,-130.86,23,-129.74,27,-129.94,28,-131.08
1429365753.000,10,3,-131.15,9,-131.11,14,-129.72,15,-131.35,18,-130.20,19,-130.11,22,-130.86,23,-129.74,27,-129.94,28,-131.08
1429365754.000,10,3,-131.15,9,-131.11,14,-129.72,15,-131.35,18,-130.20,19,-130.11,22,-130.86,23,-129.74,27,-129.94,28,-131.08
1429365755.000,10,3,-131.15,9,-131.11,14,-129.72,15,-131.35,18,-130.20,19,-130.11,22,-130.86,23,-129.74,27,-129.94,28,-131.08
1429365756.000,10,3,-131.15,9,-131.11,14,-129.72,15,-131.35,18,-130.20,19,-130.11,22,-130.86,23,-129.74,27,-129.94,28,-131.08
1429365757.000,10,3,-131.15,9,-131.11,14,-129.72,15,-131.35,18,-130.20,19,-130.11,22,-130.86,23,-129.74,27,-129.94,28,-131.08
1429365758.000,10,3,-131.15,9,-131.11,14,-129.72,15,-131.35,18,-130.20,19,-130.11,22,-130.86,23,-129.74,27,-129.94,28,-131.08
1429365759.000,10,3,-131.15,9,-131.11,14,-129.72,15,-131.35,18,-130.20,19,-130.11,22,-130.86,23,-129.74,27,-129.94,28,-131.08
1429365760.000,10,3,-131.15,9,-131.11,14,-129.72,15,-131.36,18,-130.20,19,-130.11,22,-130.86,23,-129.74,27,-129.94,28,-131.08
1429365761.000,10,3,-131.15,9,-131.11,14,-129.72,15,-131.36,18,-130.19,19,-130.11,22,-130.86,23,-129.74,27,-129.94,28,-131.08
1429365762.000,10,3,-131.15,9,-131.11,14,-129.72,15,-131.36,18,-130.19,19,-130.11,22,-130.86,23,-129.74,27,-129.94,28,-131.08
1429365763.000,10,3,-131.15,9,-131.11,14,-129.72,15,-131.36,18,-130.19,19,-130.11,22,-130.86,23,-129.74,27,-129.94,28,-131.08
1429365764.000,10,3,-131.15,9,-131.11,14,-129.72,15,-131.36,18,-130.19,19,-130.12,22,-130.86,23,-129.74,27,-129.94,28,-131.08
1429365765.000,10,3,-131.15,9,-131.11,14,-129.72,15,-131.36,18,-130.19,19,-130.12,22,-130.86,23,-129.74,27,-129.94,28,-131.08
1429365766.000,10,3,-131.15,9,-131.11,14,-129.72,15,-131.36,18,-130.19,19,-130.12,22,-130.86,23,-129.74,27,-129.94,28,-131.08
1429365767.000,10,3,-131.15,9,-131.11,14,-129.72,15,-131.36,18,-130.19,19,-130.12,22,-130.86,23,-129.74,27,-129.94,28,-131.08
1429365768.000,10,3,-131.15,9,-131.11,14,-129.72,15,-131.36,18,-130.19,19,-130.12,22,-130.86,23,-129.74,27,-129.94,28,-131.08
1429365769.000,10,3,-131.15,9,-131.11,14,-129.72,15,-131.36,18,-130.19,19,-130.12,22,-130.86,23,-129.74,27,-129.94,28,-131.08
1429365770.000,10,3,-131.15,9,-131.11,14,-129.72,15,-131.36,18,-130.19,19,-130.12,22,-130.86,23,-129.74,27,-129.94,28,-131.08
1429365771.000,10,3,-131.15,9,-131.11,14,-129.72,15,-131.36,18,-130.19,19,-130.12,22,-130.85,23,-129.75,27,-129.94,28,-131.08
1429365772.000,10,3,-131.15,9,-131.11,14,-129.72,15,-131.36,18,-130.19,19,-130.12,22,-130.85,23,-129.75,27,-129.94,28,-131.08
1429365773.000,10,3,-131.15,9,-131.11,14,-129.72,15,-131.36,18,-130.19,19,-130.12,22,-130.85,23,-129.75,27,-129.94,28,-131.08
1429365774.000,10,3,-131.15,9,-131.11,14,-129.72,15,-131.36,18,-130.19,19,-130.12,22,-130.85,23,-129.75,27,-129.94,28,-131.09
1429365775.000,10,3,-131.15,9,-131.11,14,-129.72,15,-131.36,18,-130.19,19,-130.12,22,-130.85,23,-129.75,27,-129.94,28,-131.09
1429365776.000,10,3,-131.15,9,-131.11,14,-129.72,15,-131.36,18,-130.19,19,-130.12,22,-130.85,23,-129.75,27,-129.94,28,-131.09
1429365777.000,10,3,-131.15,9,-131.11,14,-129.72,15,-131.36,18,-130.19,19,-130.12,22,-130.85,23,-129.75,27,-129.94,28,-131.09
1429365778.000,10,3,-131.15,9,-131.11,14,-129.72,15,-131.36,18,-130.19,19,-130.12,22,-130.85,23,-129.75,27,-129.94,28,-131.09
1429365779.000,10,3,-131.15,9,-131.11,14,-129.72,15,-131.36,18,-130.19,19,-130.12,22,-130.85,23,-129.75,27,-129.94,28,-131.09
1429365780.000,10,3,-131.15,9,-131.11,14,-129.72,15,-131.36,18,-130.19,19,-130.12,22,-130.85,23,-129.75,27,-129.94,28,-131.09
1429365781.000,10,3,-131.15,9,-131.11,14,-129.72,15,-131.36,18,-130.19,19,-130.12,22,-130.85,23,-129.75,27,-129.94,28,-131.09
1429365782.000,10,3,-131.15,9,-131.11,14,-129.72,15,-131.36,18,-130.19,19,-130.12,22,-130.85,23,-129.75,27,-129.94,28,-131.09
1429365783.000,10,3,-131.15,9,-131.11,14,-129.72,15,-131.36,18,-130.19,19,-130.12,22,-130.85,23,-129.75,27,-129.94,28,-131.09
1429365784.000,10,3,-131.15,9,-131.11,14,-129.72,15,-131.36,18,-130.19,19,-130.12,22,-130.85,23,-129.75,27,-129.94,28,-131.09
1429365785.000,10,3,-131.15,9,-131.11,14,-129.72,15,-131.36,18,-130.19,19,-130.12,22,-130.85,23,-129.75,27,-129.94,28,-131.09
1429365786.000,10,3,-131.15,9,-131.11,14,-129.72,15,-131.36,18,-130.19,19,-130.12,22,-130.85,23,-129.75,27,-129.94,28,-131.09
1429365787.000,9,3,-131.15,9,-131.11,14,-129.72,18,-130.19,19,-130.12,22,-130.85,23,-129.75,27,-129.94,28,-131.09
1429365788.000,9,3,-131.15,9,-131.11,14,-129.72,18,-130.19,19,-130.12,22,-130.85,23,-129.75,27,-129.94,28,-131.09
1429365789.000,9,3,-131.15,9,-131.11,14,-129.72,18,-130.19,19,-130.12,22,-130.85,23,-129.75,27,-129.93,28,-131.09
1429365790.000,9,3,-131.15,9,-131.11,14,-129.72,18,-130.19,19,-130.12,22,-130.85,23,-129.75,27,-129.93,28,-131.09
1429365791.000,9,3,-131.15,9,-131.11,14,-129.72,18,-130.19,19,-130.12,22,-130.85,23,-129.75,27,-129.93,28,-131.09
1429365792.000,9,3,-131.15,9,-131.11,14,-129.72,18,-130.19,19,-130.12,22,-130.85,23,-129.75,27,-129.93,28,-131.09
1429365793.000,9,3,-131.15,9,-131.11,14,-129.72,18,-130.19,19,-130.12,22,-130.85,23,-129.75,27,-129.93,28,-131.09
1429365794.000,9,3,-131.15,9,-131.11,14,-129.72,18,-130.19,19,-130.12,22,-130.85,23,-129.75,27,-129.93,28,-131.09
1429365795.000,9,3,-131.15,9,-131.11,14,-129.72,18,-130.19,19,-130.12,22,-130.85,23,-129.75,27,-129.93,28,-131.09
1429365796.000,9,3,-131.15,9,-131.11,14,-129.72,18,-130.19,19,-130.12,22,-130.85,23,-129.75,27,-129.93,28,-131.09
1429365797.000,9,3,-131.15,9,-131.11,14,-129.72,18,-130.19,19,-130.12,22,-130.85,23,-129.75,27,-129.93,28,-131.09
1429365798.000,9,3,-131.15,9,-131.11,14,-129.72,18,-130.19,19,-130.12,22,-130.85,23,-129.75,27,-129.93,28,-131.09
1429365799.000,9,3,-131.15,9,-131.11,14,-129.72,18,-130.19,19,-130.12,22,-130.85,23,-129.75,27,-129.93,28,-131.09
1429365800.000,9,3,-131.15,9,-131.11,14,-129.72,18,-130.19,19,-130.12,22,-130.85,23,-129.75,27,-129.93,28,-131.09
1429365801.000,9,3,-131.15,9,-131.11,14,-129.72,18,-130.19,19,-130.12,22,-130.85,23,-129.75,27,-129.93,28,-131.09
1429365802.000,9,3,-131.15,9,-131.11,14,-129.72,18,-130.19,19,-130.12,22,-130.85,23,-129.75,27,-129.93,28,-131.09
1429365803.000,9,3,-131.15,9,-131.11,14,-129.72,18,-130.19,19,-130.12,22,-130.85,23,-129.75,27,-129.93,28,-131.09
1429365804.000,9,3,-131.15,9,-131.11,14,-129.72,18,-130.19,19,-130.12,22,-130.85,23,-129.75,27,-129.93,28,-131.09
1429365805.000,9,3,-131.14,9,-131.11,14,-129.72,18,-130.19,19,-130.12,22,-130.85,23,-129.75,27,-129.93,28,-131.09
1429365806.000,9,3,-131.14,9,-131.11,14,-129.72,18,-130.19,19,-130.12,22,-130.85,23,-129.75,27,-129.93,28,-131.09
1429365807.000,9,3,-131.14,9,-131.11,14,-129.72,18,-130.19,19,-130.12,22,-130.85,23,-129.75,27,-129.93,28,-131.09
1429365808.000,9,3,-131.14,9,-131.11,14,-129.72,18,-130.19,19,-130.12,22,-130.85,23,-129.75,27,-129.93,28,-131.09
1429365809.000,9,3,-131.14,9,-131.11,14,-129.72,18,-130.19,19,-130.12,22,-130.85,23,-129.75,27,-129.93,28,-131.09
1429365810.000,9,3,-131.14,9,-131.11,14,-129.72,18,-130.19,19,-130.12,22,-130.85,23,-129.75,27,-129.93,28,-131.09
1429365811.000,9,3,-131.14,9,-131.11,14,-129.72,18,-130.19,19,-130.12,22,-130.85,23,-129.75,27,-129.93,28,-131.09
1429365812.000,9,3,-131.14,9,-131.11,14,-129.72,18,-130.19,19,-130.12,22,-130.85,23,-129.75,27,-129.93,28,-131.09
1429365813.000,9,3,-131.14,9,-131.11,14,-129.72,18,-130.19,19,-130.12,22,-130.85,23,-129.75,27,-129.93,28,-131.09
1429365814.000,9,3,-131.14,9,-131.11,14,-129.72,18,-130.18,19,-130.12,22,-130.85,23,-129.75,27,-129.93,28,-131.09
1429365815.000,9,3,-131.14,9,-131.11,14,-129.72,18,-130.18,19,-130.12,22,-130.85,23,-129.75,27,-129.93,28,-131.09
1429365816.000,9,3,-131.14,9,-131.11,14,-129.72,18,-130.18,19,-130.12,22,-130.85,23,-129.75,27,-129.93,28,-131.09
1429365817.000,9,3,-131.14,9,-131.11,14,-129.72,18,-130.18,19,-130.12,22,-130.85,23,-129.75,27,-129.93,28,-131.09
1429365818.000,9,3,-131.14,9,-131.11,14,-129.72,18,-130.18,19,-130.12,22,-130.85,23,-129.75,27,-129.93,28,-131.09
1429365819.000,9,3,-131.14,9,-131.11,14,-129.72,18,-130.18,19,-130.12,22,-130.84,23,-129.75,27,-129.93,28,-131.09
1429365820.000,9,3,-131.14,9,-131.11,14,-129.72,18,-130.18,19,-130.12,22,-130.84,23,-129.75,27,-129.93,28,-131.09
1429365821.000,9,3,-131.14,9,-131.11,14,-129.72,18,-130.18,19,-130.12,22,-130.84,23,-129.75,27,-129.93,28,-131.10
1429365822.000,9,3,-131.14,9,-131.11,14,-129.72,18,-130.18,19,-130.12,22,-130.84,23,-129.75,27,-129.93,28,-131.10
1429365823.000,9,3,-131.14,9,-131.11,14,-129.72,18,-130.18,19,-130.13,22,-130.84,23,-129.75,27,-129.93,28,-131.10
1429365824.000,9,3,-131.14,9,-131.11,14,-129.72,18,-130.18,19,-130.13,22,-130.84,23,-129.75,27,-129.93,28,-131.10
1429365825.000,9,3,-131.14,9,-131.11,14,-129.72,18,-130.18,19,-130.13,22,-130.84,23,-129.75,27,-129.93,28,-131.10
1429365826.000,9,3,-131.14,9,-131.11,14,-129.72,18,-130.18,19,-130.13,22,-130.84,23,-129.75,27,-129.93,28,-131.10
1429365827.000,9,3,-131.14,9,-131.11,14,-129.72,18,-130.18,19,-130.13,22,-130.84,23,-129.75,27,-129.93,28,-131.10
1429365828.000,9,3,-131.14,9,-131.11,14,-129.72,18,-130.18,19,-130.13,22,-130.84,23,-129.75,27,-129.93,28,-131.10
1429365829.000,9,3,-131.14,9,-131.11,14,-129.72,18,-130.18,19,-130.13,22,-130.84,23,-129.75,27,-129.93,28,-131.10
1429365830.000,9,3,-131.14,9,-131.11,14,-129.72,18,-130.18,19,-130.13,22,-130.84,23,-129.75,27,-129.93,28,-131.10
1429365831.000,9,3,-131.14,9,-131.11,14,-129.72,18,-130.18,19,-130.13,22,-130.84,23,-129.75,27,-129.93,28,-131.10
1429365832.000,9,3,-131.14,9,-131.11,14,-129.72,18,-130.18,19,-130.13,22,-130.84,23,-129.75,27,-129.93,28,-131.10
1429365833.000,9,3,-131.14,9,-131.11,14,-129.72,18,-130.18,19,-130.13,22,-130.84,23,-129.75,27,-129.93,28,-131.10
1429365834.000,9,3,-131.14,9,-131.11,14,-129.72,18,-130.18,19,-130.13,22,-130.84,23,-129.75,27,-129.93,28,-131.10
1429365835.000,9,3,-131.14,9,-131.11,14,-129.72,18,-130.18,19,-130.13,22,-130.84,23,-129.75,27,-129.93,28,-131.10
1429365836.000,9,3,-131.14,9,-131.11,14,-129.72,18,-130.18,19,-130.13,22,-130.84,23,-129.75,27,-129.93,28,-131.10
1429365837.000,9,3,-131.14,9,-131.11,14,-129.72,18,-130.18,19,-130.13,22,-130.84,23,-129.75,27,-129.93,28,-131.10
1429365838.000,9,3,-131.14,9,-131.11,14,-129.72,18,-130.18,19,-130.13,22,-130.84,23,-129.75,27,-129.93,28,-131.10
1429365839.000,9,3,-131.14,9,-131.11,14,-129.72,18,-130.18,19,-130.13,22,-130.84,23,-129.75,27,-129.93,28,-131.10
1429365840.000,9,3,-131.14,9,-131.11,14,-129.72,18,-130.18,19,-130.13,22,-130.84,23,-129.75,27,-129.93,28,-131.10
1429365841.000,9,3,-131.14,9,-131.11,14,-129.72,18,-130.18,19,-130.13,22,-130.84,23,-129.75,27,-129.93,28,-131.10
1429365842.000,9,3,-131.14,9,-131.11,14,-129.72,18,-130.18,19,-130.13,22,-130.84,23,-129.75,27,-129.93,28,-131.10
1429365843.000,9,3,-131.14,9,-131.11,14,-129.72,18,-130.18,19,-130.13,22,-130.84,23,-129.75,27,-129.93,28,-131.10
1429365844.000,9,3,-131.14,9,-131.11,14,-129.72,18,-130.18,19,-130.13,22,-130.84,23,-129.75,27,-129.93,28,-131.10
1429365845.000,9,3,-131.14,9,-131.11,14,-129.72,18,-130.18,19,-130.13,22,-130.84,23,-129.75,27,-129.93,28,-131.10
1429365846.000,9,3,-131.14,9,-131.11,14,-129.72,18,-130.18,19,-130.13,22,-130.84,23,-129.75,27,-129.93,28,-131.10
1429365847.000,9,3,-131.14,9,-131.11,14,-129.72,18,-130.18,19,-130.13,22,-130.84,23,-129.75,27,-129.93,28,-131.10
1429365848.000,9,3,-131.14,9,-131.11,14,-129.72,18,-130.18,19,-130.13,22,-130.84,23,-129.75,27,-129.93,28,-131.10
1429365849.000,9,3,-131.14,9,-131.11,14,-129.72,18,-130.18,19,-130.13,22,-130.84,23,-129.75,27,-129.93,28,-131.10
1429365850.000,9,3,-131.14,9,-131.11,14,-129.72,18,-130.18,19,-130.13,22,-130.84,23,-129.75,27,-129.93,28,-131.10
1429365851.000,9,3,-131.14,9,-131.11,14,-129.72,18,-130.18,19,-130.13,22,-130.84,23,-129.75,27,-129.93,28,-131.10
1429365852.000,9,3,-131.14,9,-131.11,14,-129.72,18,-130.18,19,-130.13,22,-130.84,23,-129.75,27,-129.93,28,-131.10
1429365853.000,9,3,-131.14,9,-131.11,14,-129.72,18,-130.18,19,-130.13,22,-130.84,23,-129.75,27,-129.93,28,-131.10
1429365854.000,9,3,-131.14,9,-131.11,14,-129.72,18,-130.18,19,-130.13,22,-130.84,23,-129.75,27,-129.93,28,-131.10
1429365855.000,9,3,-131.14,9,-131.11,14,-129.72,18,-130.18,19,-130.13,22,-130.84,23,-129.75,27,-129.93,28,-131.10
1429365856.000,9,3,-131.14,9,-131.11,14,-129.72,18,-130.18,19,-130.13,22,-130.84,23,-129.75,27,-129.93,28,-131.10
1429365857.000,9,3,-131.14,9,-131.11,14,-129.72,18,-130.18,19,-130.13,22,-130.84,23,-129.75,27,-129.93,28,-131.10
1429365858.000,9,3,-131.14,9,-131.11,14,-129.72,18,-130.18,19,-130.13,22,-130.84,23,-129.75,27,-129.93,28,-131.10
1429365859.000,9,3,-131.14,9,-131.11,14,-129.72,18,-130.18,19,-130.13,22,-130.84,23,-129.75,27,-129.93,28,-131.10
1429365860.000,9,3,-131.14,9,-131.11,14,-129.72,18,-130.18,19,-130.13,22,-130.84,23,-129.75,27,-129.92,28,-131.10
1429365861.000,9,3,-131.14,9,-131.11,14,-129.72,18,-130.18,19,-130.13,22,-130.84,23,-129.75,27,-129.92,28,-131.10
1429365862.000,9,3,-131.14,9,-131.11,14,-129.72,18,-130.18,19,-130.13,22,-130.84,23,-129.75,27,-129.92,28,-131.10
1429365863.000,9,3,-131.14,9,-131.11,14,-129.72,18,-130.18,19,-130.13,22,-130.84,23,-129.75,27,-129.92,28,-131.10
1429365864.000,9,3,-131.14,9,-131.11,14,-129.72,18,-130.18,19,-130.13,22,-130.84,23,-129.75,27,-129.92,28,-131.10
1429365865.000,9,3,-131.14,9,-131.11,14,-129.72,18,-130.18,19,-130.13,22,-130.84,23,-129.75,27,-129.92,28,-131.10
1429365866.000,9,3,-131.14,9,-131.11,14,-129.72,18,-130.17,19,-130.13,22,-130.84,23,-129.75,27,-129.92,28,-131.10
1429365867.000,9,3,-131.14,9,-131.11,14,-129.72,18,-130.17,19,-130.13,22,-130.84,23,-129.75,27,-129.92,28,-131.10
1429365868.000,9,3,-131.14,9,-131.11,14,-129.72,18,-130.17,19,-130.13,22,-130.83,23,-129.75,27,-129.92,28,-131.10
1429365869.000,9,3,-131.14,9,-131.11,14,-129.72,18,-130.17,19,-130.13,22,-130.83,23,-129.75,27,-129.92,28,-131.11
1429365870.000,9,3,-131.14,9,-131.11,14,-129.72,18,-130.17,19,-130.13,22,-130.83,23,-129.75,27,-129.92,28,-131.11
1429365871.000,9,3,-131.14,9,-131.11,14,-129.72,18,-130.17,19,-130.13,22,-130.83,23,-129.76,27,-129.92,28,-131.11
1429365872.000,9,3,-131.14,9,-131.11,14,-129.72,18,-130.17,19,-130.13,22,-130.83,23,-129.76,27,-129.92,28,-131.11
1429365873.000,9,3,-131.14,9,-131.11,14,-129.72,18,-130.17,19,-130.13,22,-130.83,23,-129.76,27,-129.92,28,-131.11
1429365874.000,9,3,-131.14,9,-131.11,14,-129.72,18,-130.17,19,-130.13,22,-130.83,23,-129.76,27,-129.92,28,-131.11
1429365875.000,9,3,-131.14,9,-131.11,14,-129.72,18,-130.17,19,-130.13,22,-130.83,23,-129.76,27,-129.92,28,-131.11
1429365876.000,9,3,-131.14,9,-131.11,14,-129.72,18,-130.17,19,-130.13,22,-130.83,23,-129.76,27,-129.92,28,-131.11
1429365877.000,9,3,-131.14,9,-131.11,14,-129.72,18,-130.17,19,-130.13,22,-130.83,23,-129.76,27,-129.92,28,-131.11
1429365878.000,9,3,-131.14,9,-131.11,14,-129.72,18,-130.17,19,-130.13,22,-130.83,23,-129.76,27,-129.92,28,-131.11
1429365879.000,9,3,-131.14,9,-131.11,14,-129.72,18,-130.17,19,-130.13,22,-130.83,23,-129.76,27,-129.92,28,-131.11
1429365880.000,9,3,-131.14,9,-131.11,14,-129.72,18,-130.17,19,-130.13,22,-130.83,23,-129.76,27,-129.92,28,-131.11
1429365881.000,9,3,-131.14,9,-131.11,14,-129.72,18,-130.17,19,-130.14,22,-130.83,23,-129.76,27,-129.92,28,-131.11
1429365882.000,9,3,-131.14,9,-131.11,14,-129.72,18,-130.17,19,-130.14,22,-130.83,23,-129.76,27,-129.92,28,-131.11
1429365883.000,9,3,-131.14,9,-131.11,14,-129.72,18,-130.17,19,-130.14,22,-130.83,23,-129.76,27,-129.92,28,-131.11
1429365884.000,9,3,-131.14,9,-131.11,14,-129.72,18,-130.17,19,-130.14,22,-130.83,23,-129.76,27,-129.92,28,-131.11
1429365885.000,9,3,-131.14,9,-131.11,14,-129.72,18,-130.17,19,-130.14,22,-130.83,23,-129.76,27,-129.92,28,-131.11
1429365886.000,9,3,-131.14,9,-131.11,14,-129.72,18,-130.17,19,-130.14,22,-130.83,23,-129.76,27,-129.92,28,-131.11
1429365887.000,9,3,-131.14,9,-131.11,14,-129.72,18,-130.17,19,-130.14,22,-130.83,23,-129.76,27,-129.92,28,-131.11
1429365888.000,9,3,-131.14,9,-131.11,14,-129.72,18,-130.17,19,-130.14,22,-130.83,23,-129.76,27,-129.92,28,-131.11
1429365889.000,9,3,-131.14,9,-131.11,14,-129.72,18,-130.17,19,-130.14,22,-130.83,23,-129.76,27,-129.92,28,-131.11
1429365890.000,9,3,-131.14,9,-131.11,14,-129.72,18,-130.17,19,-130.14,22,-130.83,23,-129.76,27,-129.92,28,-131.11
1429365891.000,9,3,-131.14,9,-131.11,14,-129.72,18,-130.17,19,-130.14,22,-130.83,23,-129.76,27,-129.92,28,-131.11
1429365892.000,9,3,-131.14,9,-131.11,14,-129.72,18,-130.17,19,-130.14,22,-130.83,23,-129.76,27,-129.92,28,-131.11
1429365893.000,9,3,-131.14,9,-131.11,14,-129.72,18,-130.17,19,-130.14,22,-130.83,23,-129.76,27,-129.92,28,-131.11
1429365894.000,9,3,-131.14,9,-131.11,14,-129.72,18,-130.17,19,-130.14,22,-130.83,23,-129.76,27,-129.92,28,-131.11
1429365895.000,9,3,-131.14,9,-131.11,14,-129.72,18,-130.17,19,-130.14,22,-130.83,23,-129.76,27,-129.92,28,-131.11
1429365896.000,9,3,-131.14,9,-131.11,14,-129.72,18,-130.17,19,-130.14,22,-130.83,23,-129.76,27,-129.92,28,-131.11
1429365897.000,9,3,-131.14,9,-131.11,14,-129.72,18,-130.17,19,-130.14,22,-130.83,23,-129.76,27,-129.92,28,-131.11
1429365898.000,9,3,-131.14,9,-131.11,14,-129.72,18,-130.17,19,-130.14,22,-130.83,23,-129.76,27,-129.92,28,-131.11
1429365899.000,9,3,-131.14,9,-131.11,14,-129.72,18,-130.17,19,-130.14,22,-130.83,23,-129.76,27,-129.92,28,-131.11
1429365900.000,9,3,-131.14,9,-131.11,14,-129.72,18,-130.17,19,-130.14,22,-130.83,23,-129.76,27,-129.92,28,-131.11
1429365901.000,9,3,-131.13,9,-131.11,14,-129.72,18,-130.17,19,-130.14,22,-130.83,23,-129.76,27,-129.92,28,-131.11
1429365902.000,9,3,-131.13,9,-131.11,14,-129.72,18,-130.17,19,-130.14,22,-130.83,23,-129.76,27,-129.92,28,-131.11
1429365903.000,9,3,-131.13,9,-131.11,14,-129.72,18,-130.17,19,-130.14,22,-130.83,23,-129.76,27,-129.92,28,-131.11
1429365904.000,9,3,-131.13,9,-131.11,14,-129.72,18,-130.17,19,-130.14,22,-130.83,23,-129.76,27,-129.92,28,-131.11
1429365905.000,9,3,-131.13,9,-131.11,14,-129.72,18,-130.17,19,-130.14,22,-130.83,23,-129.76,27,-129.92,28,-131.11
1429365906.000,9,3,-131.13,9,-131.11,14,-129.72,18,-130.17,19,-130.14,22,-130.83,23,-129.76,27,-129.92,28,-131.11
1429365907.000,9,3,-131.13,9,-131.11,14,-129.72,18,-130.17,19,-130.14,22,-130.83,23,-129.76,27,-129.92,28,-131.11
1429365908.000,9,3,-131.13,9,-131.11,14,-129.72,18,-130.17,19,-130.14,22,-130.83,23,-129.76,27,-129.92,28,-131.11
1429365909.000,9,3,-131.13,9,-131.11,14,-129.72,18,-130.17,19,-130.14,22,-130.83,23,-129.76,27,-129.92,28,-131.11
1429365910.000,9,3,-131.13,9,-131.11,14,-129.72,18,-130.17,19,-130.14,22,-130.83,23,-129.76,27,-129.92,28,-131.11
1429365911.000,9,3,-131.13,9,-131.11,14,-129.72,18,-130.17,19,-130.14,22,-130.83,23,-129.76,27,-129.92,28,-131.11
1429365912.000,9,3,-131.13,9,-131.11,14,-129.72,18,-130.17,19,-130.14,22,-130.83,23,-129.76,27,-129.92,28,-131.11
1429365913.000,9,3,-131.13,9,-131.11,14,-129.72,18,-130.17,19,-130.14,22,-130.83,23,-129.76,27,-129.92,28,-131.11
1429365914.000,9,3,-131.13,9,-131.11,14,-129.72,18,-130.17,19,-130.14,22,-130.83,23,-129.76,27,-129.92,28,-131.11
1429365915.000,9,3,-131.13,9,-131.11,14,-129.72,18,-130.17,19,-130.14,22,-130.83,23,-129.76,27,-129.92,28,-131.11
1429365916.000,9,3,-131.13,9,-131.11,14,-129.72,18,-130.17,19,-130.14,22,-130.83,23,-129.76,27,-129.92,28,-131.12
1429365917.000,9,3,-131.13,9,-131.11,14,-129.72,18,-130.17,19,-130.14,22,-130.82,23,-129.76,27,-129.92,28,-131.12
1429365918.000,9,3,-131.13,9,-131.11,14,-129.72,18,-130.17,19,-130.14,22,-130.82,23,-129.76,27,-129.92,28,-131.12
1429365919.000,9,3,-131.13,9,-131.11,14,-129.72,18,-130.16,19,-130.14,22,-130.82,23,-129.76,27,-129.92,28,-131.12
1429365920.000,9,3,-131.13,9,-131.11,14,-129.72,18,-130.16,19,-130.14,22,-130.82,23,-129.76,27,-129.92,28,-131.12
1429365921.000,9,3,-131.13,9,-131.11,14,-129.72,18,-130.16,19,-130.14,22,-130.82,23,-129.76,27,-129.92,28,-131.12
1429365922.000,9,3,-131.13,9,-131.11,14,-129.72,18,-130.16,19,-130.14,22,-130.82,23,-129.76,27,-129.92,28,-131.12
1429365923.000,9,3,-131.13,9,-131.11,14,-129.72,18,-130.16,19,-130.14,22,-130.82,23,-129.76,27,-129.92,28,-131.12
1429365924.000,9,3,-131.13,9,-131.11,14,-129.72,18,-130.16,19,-130.14,22,-130.82,23,-129.76,27,-129.92,28,-131.12
1429365925.000,9,3,-131.13,9,-131.11,14,-129.72,18,-130.16,19,-130.14,22,-130.82,23,-129.76,27,-129.92,28,-131.12
1429365926.000,9,3,-131.13,9,-131.11,14,-129.72,18,-130.16,19,-130.14,22,-130.82,23,-129.76,27,-129.92,28,-131.12
1429365927.000,9,3,-131.13,9,-131.11,14,-129.72,18,-130.16,19,-130.14,22,-130.82,23,-129.76,27,-129.92,28,-131.12
1429365928.000,9,3,-131.13,9,-131.11,14,-129.72,18,-130.16,19,-130.14,22,-130.82,23,-129.76,27,-129.92,28,-131.12
1429365929.000,9,3,-131.13,9,-131.11,14,-129.72,18,-130.16,19,-130.14,22,-130.82,23,-129.76,27,-129.92,28,-131.12
1429365930.000,9,3,-131.13,9,-131.11,14,-129.72,18,-130.16,19,-130.14,22,-130.82,23,-129.76,27,-129.92,28,-131.12
1429365931.000,9,3,-131.13,9,-131.11,14,-129.72,18,-130.16,19,-130.14,22,-130.82,23,-129.76,27,-129.92,28,-131.12
1429365932.000,9,3,-131.13,9,-131.11,14,-129.72,18,-130.16,19,-130.14,22,-130.82,23,-129.76,27,-129.92,28,-131.12
1429365933.000,9,3,-131.13,9,-131.11,14,-129.72,18,-130.16,19,-130.14,22,-130.82,23,-129.76,27,-129.91,28,-131.12
1429365934.000,9,3,-131.13,9,-131.11,14,-129.72,18,-130.16,19,-130.14,22,-130.82,23,-129.76,27,-129.91,28,-131.12
1429365935.000,9,3,-131.13,9,-131.11,14,-129.72,18,-130.16,19,-130.14,22,-130.82,23,-129.76,27,-129.91,28,-131.12
1429365936.000,9,3,-131.13,9,-131.11,14,-129.72,18,-130.16,19,-130.14,22,-130.82,23,-129.76,27,-129.91,28,-131.12
1429365937.000,9,3,-131.13,9,-131.11,14,-129.72,18,-130.16,19,-130.14,22,-130.82,23,-129.76,27,-129.91,28,-131.12
1429365938.000,9,3,-131.13,9,-131.11,14,-129.72,18,-130.16,19,-130.14,22,-130.82,23,-129.76,27,-129.91,28,-131.12
1429365939.000,9,3,-131.13,9,-131.11,14,-129.72,18,-130.16,19,-130.15,22,-130.82,23,-129.76,27,-129.91,28,-131.12
1429365940.000,9,3,-131.13,9,-131.11,14,-129.72,18,-130.16,19,-130.15,22,-130.82,23,-129.76,27,-129.91,28,-131.12
1429365941.000,9,3,-131.13,9,-131.11,14,-129.72,18,-130.16,19,-130.15,22,-130.82,23,-129.76,27,-129.91,28,-131.12
1429365942.000,9,3,-131.13,9,-131.11,14,-129.72,18,-130.16,19,-130.15,22,-130.82,23,-129.76,27,-129.91,28,-131.12
1429365943.000,9,3,-131.13,9,-131.11,14,-129.72,18,-130.16,19,-130.15,22,-130.82,23,-129.76,27,-129.91,28,-131.12
1429365944.000,9,3,-131.13,9,-131.11,14,-129.72,18,-130.16,19,-130.15,22,-130.82,23,-129.76,27,-129.91,28,-131.12
1429365945.000,9,3,-131.13,9,-131.11,14,-129.72,18,-130.16,19,-130.15,22,-130.82,23,-129.76,27,-129.91,28,-131.12
1429365946.000,9,3,-131.13,9,-131.11,14,-129.72,18,-130.16,19,-130.15,22,-130.82,23,-129.76,27,-129.91,28,-131.12
1429365947.000,9,3,-131.13,9,-131.11,14,-129.72,18,-130.16,19,-130.15,22,-130.82,23,-129.76,27,-129.91,28,-131.12
1429365948.000,9,3,-131.13,9,-131.11,14,-129.72,18,-130.16,19,-130.15,22,-130.82,23,-129.76,27,-129.91,28,-131.12
1429365949.000,9,3,-131.13,9,-131.11,14,-129.72,18,-130.16,19,-130.15,22,-130.82,23,-129.76,27,-129.91,28,-131.12
1429365950.000,9,3,-131.13,9,-131.11,14,-129.72,18,-130.16,19,-130.15,22,-130.82,23,-129.76,27,-129.91,28,-131.12
1429365951.000,9,3,-131.13,9,-131.11,14,-129.72,18,-130.16,19,-130.15,22,-130.82,23,-129.76,27,-129.91,28,-131.12
1429365952.000,9,3,-131.13,9,-131.11,14,-129.72,18,-130.16,19,-130.15,22,-130.82,23,-129.76,27,-129.91,28,-131.12
1429365953.000,9,3,-131.13,9,-131.11,14,-129.72,18,-130.16,19,-130.15,22,-130.82,23,-129.76,27,-129.91,28,-131.12
1429365954.000,9,3,-131.13,9,-131.11,14,-129.72,18,-130.16,19,-130.15,22,-130.82,23,-129.76,27,-129.91,28,-131.12
1429365955.000,9,3,-131.13,9,-131.11,14,-129.72,18,-130.16,19,-130.15,22,-130.82,23,-129.76,27,-129.91,28,-131.12
1429365956.000,9,3,-131.13,9,-131.11,14,-129.72,18,-130.16,19,-130.15,22,-130.82,23,-129.76,27,-129.91,28,-131.12
1429365957.000,9,3,-131.13,9,-131.11,14,-129.72,18,-130.16,19,-130.15,22,-130.82,23,-129.76,27,-129.91,28,-131.12
1429365958.000,9,3,-131.13,9,-131.11,14,-129.72,18,-130.16,19,-130.15,22,-130.82,23,-129.76,27,-129.91,28,-131.12
1429365959.000,9,3,-131.13,9,-131.11,14,-129.72,18,-130.16,19,-130.15,22,-130.82,23,-129.76,27,-129.91,28,-131.12
1429365960.000,9,3,-131.13,9,-131.11,14,-129.72,18,-130.16,19,-130.15,22,-130.82,23,-129.76,27,-129.91,28,-131.12
1429365961.000,9,3,-131.13,9,-131.11,14,-129.72,18,-130.16,19,-130.15,22,-130.82,23,-129.76,27,-129.91,28,-131.12
1429365962.000,9,3,-131.13,9,-131.11,14,-129.72,18,-130.16,19,-130.15,22,-130.82,23,-129.76,27,-129.91,28,-131.12
1429365963.000,9,3,-131.13,9,-131.11,14,-129.72,18,-130.16,19,-130.15,22,-130.82,23,-129.76,27,-129.91,28,-131.12
1429365964.000,9,3,-131.13,9,-131.11,14,-129.72,18,-130.16,19,-130.15,22,-130.82,23,-129.76,27,-129.91,28,-131.13
1429365965.000,9,3,-131.13,9,-131.11,14,-129.72,18,-130.16,19,-130.15,22,-130.82,23,-129.76,27,-129.91,28,-131.13
1429365966.000,9,3,-131.13,9,-131.11,14,-129.72,18,-130.16,19,-130.15,22,-130.81,23,-129.76,27,-129.91,28,-131.13
1429365967.000,9,3,-131.13,9,-131.11,14,-129.72,18,-130.16,19,-130.15,22,-130.81,23,-129.76,27,-129.91,28,-131.13
1429365968.000,9,3,-131.13,9,-131.11,14,-129.72,18,-130.16,19,-130.15,22,-130.81,23,-129.76,27,-129.91,28,-131.13
1429365969.000,9,3,-131.13,9,-131.11,14,-129.72,18,-130.16,19,-130.15,22,-130.81,23,-129.77,27,-129.91,28,-131.13
1429365970.000,9,3,-131.13,9,-131.11,14,-129.72,18,-130.16,19,-130.15,22,-130.81,23,-129.77,27,-129.91,28,-131.13
1429365971.000,9,3,-131.13,9,-131.11,14,-129.72,18,-130.16,19,-130.15,22,-130.81,23,-129.77,27,-129.91,28,-131.13
1429365972.000,9,3,-131.13,9,-131.11,14,-129.72,18,-130.15,19,-130.15,22,-130.81,23,-129.77,27,-129.91,28,-131.13
1429365973.000,9,3,-131.13,9,-131.11,14,-129.72,18,-130.15,19,-130.15,22,-130.81,23,-129.77,27,-129.91,28,-131.13
1429365974.000,9,3,-131.13,9,-131.11,14,-129.72,18,-130.15,19,-130.15,22,-130.81,23,-129.77,27,-129.91,28,-131.13
1429365975.000,9,3,-131.13,9,-131.11,14,-129.72,18,-130.15,19,-130.15,22,-130.81,23,-129.77,27,-129.91,28,-131.13
1429365976.000,9,3,-131.13,9,-131.11,14,-129.72,18,-130.15,19,-130.15,22,-130.81,23,-129.77,27,-129.91,28,-131.13
1429365977.000,9,3,-131.13,9,-131.11,14,-129.72,18,-130.15,19,-130.15,22,-130.81,23,-129.77,27,-129.91,28,-131.13
1429365978.000,9,3,-131.13,9,-131.11,14,-129.72,18,-130.15,19,-130.15,22,-130.81,23,-129.77,27,-129.91,28,-131.13
1429365979.000,9,3,-131.13,9,-131.12,14,-129.72,18,-130.15,19,-130.15,22,-130.81,23,-129.77,27,-129.91,28,-131.13
1429365980.000,9,3,-131.13,9,-131.12,14,-129.72,18,-130.15,19,-130.15,22,-130.81,23,-129.77,27,-129.91,28,-131.13
1429365981.000,9,3,-131.13,9,-131.12,14,-129.72,18,-130.15,19,-130.15,22,-130.81,23,-129.77,27,-129.91,28,-131.13
1429365982.000,9,3,-131.13,9,-131.12,14,-129.72,18,-130.15,19,-130.15,22,-130.81,23,-129.77,27,-129.91,28,-131.13
1429365983.000,9,3,-131.13,9,-131.12,14,-129.72,18,-130.15,19,-130.15,22,-130.81,23,-129.77,27,-129.91,28,-131.13
1429365984.000,9,3,-131.13,9,-131.12,14,-129.72,18,-130.15,19,-130.15,22,-130.81,23,-129.77,27,-129.91,28,-131.13
1429365985.000,9,3,-131.13,9,-131.12,14,-129.72,18,-130.15,19,-130.15,22,-130.81,23,-129.77,27,-129.91,28,-131.13
1429365986.000,9,3,-131.13,9,-131.12,14,-129.72,18,-130.15,19,-130.15,22,-130.81,23,-129.77,27,-129.91,28,-131.13
1429365987.000,9,3,-131.13,9,-131.12,14,-129.72,18,-130.15,19,-130.15,22,-130.81,23,-129.77,27,-129.91,28,-131.13
1429365988.000,9,3,-131.13,9,-131.12,14,-129.72,18,-130.15,19,-130.15,22,-130.81,23,-129.77,27,-129.91,28,-131.13
1429365989.000,9,3,-131.13,9,-131.12,14,-129.72,18,-130.15,19,-130.15,22,-130.81,23,-129.77,27,-129.91,28,-131.13
1429365990.000,9,3,-131.13,9,-131.12,14,-129.72,18,-130.15,19,-130.15,22,-130.81,23,-129.77,27,-129.91,28,-131.13
1429365991.000,9,3,-131.13,9,-131.12,14,-129.72,18,-130.15,19,-130.15,22,-130.81,23,-129.77,27,-129.91,28,-131.13
1429365992.000,9,3,-131.13,9,-131.12,14,-129.72,18,-130.15,19,-130.15,22,-130.81,23,-129.77,27,-129.91,28,-131.13
1429365993.000,9,3,-131.13,9,-131.12,14,-129.72,18,-130.15,19,-130.15,22,-130.81,23,-129.77,27,-129.91,28,-131.13
1429365994.000,9,3,-131.13,9,-131.12,14,-129.72,18,-130.15,19,-130.15,22,-130.81,23,-129.77,27,-129.91,28,-131.13
1429365995.000,9,3,-131.13,9,-131.12,14,-129.72,18,-130.15,19,-130.15,22,-130.81,23,-129.77,27,-129.91,28,-131.13
1429365996.000,9,3,-131.13,9,-131.12,14,-129.72,18,-130.15,19,-130.15,22,-130.81,23,-129.77,27,-129.91,28,-131.13
1429365997.000,9,3,-131.13,9,-131.12,14,-129.72,18,-130.15,19,-130.16,22,-130.81,23,-129.77,27,-129.91,28,-131.13
1429365998.000,9,3,-131.13,9,-131.12,14,-129.72,18,-130.15,19,-130.16,22,-130.81,23,-129.77,27,-129.91,28,-131.13
1429365999.000,9,3,-131.13,9,-131.12,14,-129.72,18,-130.15,19,-130.16,22,-130.81,23,-129.77,27,-129.91,28,-131.13
1429366000.000,9,3,-131.12,9,-131.12,14,-129.72,18,-130.15,19,-130.16,22,-130.81,23,-129.77,27,-129.91,28,-131.13
1429366001.000,9,3,-131.12,9,-131.12,14,-129.72,18,-130.15,19,-130.16,22,-130.81,23,-129.77,27,-129.91,28,-131.13
1429366002.000,9,3,-131.12,9,-131.12,14,-129.72,18,-130.15,19,-130.16,22,-130.81,23,-129.77,27,-129.91,28,-131.13
1429366003.000,9,3,-131.12,9,-131.12,14,-129.72,18,-130.15,19,-130.16,22,-130.81,23,-129.77,27,-129.91,28,-131.13
1429366004.000,9,3,-131.12,9,-131.12,14,-129.72,18,-130.15,19,-130.16,22,-130.81,23,-129.77,27,-129.91,28,-131.13
1429366005.000,9,3,-131.12,9,-131.12,14,-129.72,18,-130.15,19,-130.16,22,-130.81,23,-129.77,27,-129.91,28,-131.13
1429366006.000,9,3,-131.12,9,-131.12,14,-129.72,18,-130.15,19,-130.16,22,-130.81,23,-129.77,27,-129.91,28,-131.13
1429366007.000,9,3,-131.12,9,-131.12,14,-129.72,18,-130.15,19,-130.16,22,-130.81,23,-129.77,27,-129.91,28,-131.13
1429366008.000,9,3,-131.12,9,-131.12,14,-129.72,18,-130.15,19,-130.16,22,-130.81,23,-129.77,27,-129.90,28,-131.13
1429366009.000,9,3,-131.12,9,-131.12,14,-129.72,18,-130.15,19,-130.16,22,-130.81,23,-129.77,27,-129.90,28,-131.13
1429366010.000,9,3,-131.12,9,-131.12,14,-129.72,18,-130.15,19,-130.16,22,-130.81,23,-129.77,27,-129.90,28,-131.13
1429366011.000,9,3,-131.12,9,-131.12,14,-129.72,18,-130.15,19,-130.16,22,-130.81,23,-129.77,27,-129.90,28,-131.14
1429366012.000,9,3,-131.12,9,-131.12,14,-129.72,18,-130.15,19,-130.16,22,-130.81,23,-129.77,27,-129.90,28,-131.14
1429366013.000,9,3,-131.12,9,-131.12,14,-129.72,18,-130.15,19,-130.16,22,-130.81,23,-129.77,27,-129.90,28,-131.14
1429366014.000,9,3,-131.12,9,-131.12,14,-129.72,18,-130.15,19,-130.16,22,-130.81,23,-129.77,27,-129.90,28,-131.14
1429366015.000,9,3,-131.12,9,-131.12,14,-129.72,18,-130.15,19,-130.16,22,-130.80,23,-129.77,27,-129.90,28,-131.14
1429366016.000,9,3,-131.12,9,-131.12,14,-129.72,18,-130.15,19,-130.16,22,-130.80,23,-129.77,27,-129.90,28,-131.14
1429366017.000,9,3,-131.12,9,-131.12,14,-129.72,18,-130.15,19,-130.16,22,-130.80,23,-129.77,27,-129.90,28,-131.14
1429366018.000,9,3,-131.12,9,-131.12,14,-129.72,18,-130.15,19,-130.16,22,-130.80,23,-129.77,27,-129.90,28,-131.14
1429366019.000,9,3,-131.12,9,-131.12,14,-129.72,18,-130.15,19,-130.16,22,-130.80,23,-129.77,27,-129.90,28,-131.14
1429366020.000,9,3,-131.12,9,-131.12,14,-129.72,18,-130.15,19,-130.16,22,-130.80,23,-129.77,27,-129.90,28,-131.14
1429366021.000,9,3,-131.12,9,-131.12,14,-129.72,18,-130.15,19,-130.16,22,-130.80,23,-129.77,27,-129.90,28,-131.14
1429366022.000,9,3,-131.12,9,-131.12,14,-129.72,18,-130.15,19,-130.16,22,-130.80,23,-129.77,27,-129.90,28,-131.14
1429366023.000,9,3,-131.12,9,-131.12,14,-129.72,18,-130.15,19,-130.16,22,-130.80,23,-129.77,27,-129.90,28,-131.14
1429366024.000,9,3,-131.12,9,-131.12,14,-129.72,18,-130.15,19,-130.16,22,-130.80,23,-129.77,27,-129.90,28,-131.14
1429366025.000,9,3,-131.12,9,-131.12,14,-129.72,18,-130.14,19,-130.16,22,-130.80,23,-129.77,27,-129.90,28,-131.14
1429366026.000,9,3,-131.12,9,-131.12,14,-129.72,18,-130.14,19,-130.16,22,-130.80,23,-129.77,27,-129.90,28,-131.14
1429366027.000,9,3,-131.12,9,-131.12,14,-129.72,18,-130.14,19,-130.16,22,-130.80,23,-129.77,27,-129.90,28,-131.14
1429366028.000,9,3,-131.12,9,-131.12,14,-129.72,18,-130.14,19,-130.16,22,-130.80,23,-129.77,27,-129.90,28,-131.14
1429366029.000,9,3,-131.12,9,-131.12,14,-129.72,18,-130.14,19,-130.16,22,-130.80,23,-129.77,27,-129.90,28,-131.14
1429366030.000,9,3,-131.12,9,-131.12,14,-129.72,18,-130.14,19,-130.16,22,-130.80,23,-129.77,27,-129.90,28,-131.14
1429366031.000,9,3,-131.12,9,-131.12,14,-129.72,18,-130.14,19,-130.16,22,-130.80,23,-129.77,27,-129.90,28,-131.14
1429366032.000,9,3,-131.12,9,-131.12,14,-129.72,18,-130.14,19,-130.16,22,-130.80,23,-129.77,27,-129.90,28,-131.14
1429366033.000,9,3,-131.12,9,-131.12,14,-129.72,18,-130.14,19,-130.16,22,-130.80,23,-129.77,27,-129.90,28,-131.14
1429366034.000,9,3,-131.12,9,-131.12,14,-129.72,18,-130.14,19,-130.16,22,-130.80,23,-129.77,27,-129.90,28,-131.14
1429366035.000,9,3,-131.12,9,-131.12,14,-129.72,18,-130.14,19,-130.16,22,-130.80,23,-129.77,27,-129.90,28,-131.14
1429366036.000,9,3,-131.12,9,-131.12,14,-129.72,18,-130.14,19,-130.16,22,-130.80,23,-129.77,27,-129.90,28,-131.14
1429366037.000,9,3,-131.12,9,-131.12,14,-129.72,18,-130.14,19,-130.16,22,-130.80,23,-129.77,27,-129.90,28,-131.14
1429366038.000,9,3,-131.12,9,-131.12,14,-129.72,18,-130.14,19,-130.16,22,-130.80,23,-129.77,27,-129.90,28,-131.14
1429366039.000,9,3,-131.12,9,-131.12,14,-129.72,18,-130.14,19,-130.16,22,-130.80,23,-129.77,27,-129.90,28,-131.14
1429366040.000,9,3,-131.12,9,-131.12,14,-129.72,18,-130.14,19,-130.16,22,-130.80,23,-129.77,27,-129.90,28,-131.14
1429366041.000,9,3,-131.12,9,-131.12,14,-129.72,18,-130.14,19,-130.16,22,-130.80,23,-129.77,27,-129.90,28,-131.14
1429366042.000,9,3,-131.12,9,-131.12,14,-129.72,18,-130.14,19,-130.16,22,-130.80,23,-129.77,27,-129.90,28,-131.14
1429366043.000,9,3,-131.12,9,-131.12,14,-129.72,18,-130.14,19,-130.16,22,-130.80,23,-129.77,27,-129.90,28,-131.14
1429366044.000,9,3,-131.12,9,-131.12,14,-129.72,18,-130.14,19,-130.16,22,-130.80,23,-129.77,27,-129.90,28,-131.14
1429366045.000,9,3,-131.12,9,-131.12,14,-129.72,18,-130.14,19,-130.16,22,-130.80,23,-129.77,27,-129.90,28,-131.14
1429366046.000,9,3,-131.12,9,-131.12,14,-129.72,18,-130.14,19,-130.16,22,-130.80,23,-129.77,27,-129.90,28,-131.14
1429366047.000,9,3,-131.12,9,-131.12,14,-129.72,18,-130.14,19,-130.16,22,-130.80,23,-129.77,27,-129.90,28,-131.14
1429366048.000,9,3,-131.12,9,-131.12,14,-129.72,18,-130.14,19,-130.16,22,-130.80,23,-129.77,27,-129.90,28,-131.14
1429366049.000,9,3,-131.12,9,-131.12,14,-129.72,18,-130.14,19,-130.16,22,-130.80,23,-129.77,27,-129.90,28,-131.14
1429366050.000,9,3,-131.12,9,-131.12,14,-129.72,18,-130.14,19,-130.16,22,-130.80,23,-129.77,27,-129.90,28,-131.14
1429366051.000,9,3,-131.12,9,-131.12,14,-129.72,18,-130.14,19,-130.16,22,-130.80,23,-129.77,27,-129.90,28,-131.14
1429366052.000,9,3,-131.12,9,-131.12,14,-129.72,18,-130.14,19,-130.16,22,-130.80,23,-129.77,27,-129.90,28,-131.14
1429366053.000,9,3,-131.12,9,-131.12,14,-129.73,18,-130.14,19,-130.16,22,-130.80,23,-129.77,27,-129.90,28,-131.14
1429366054.000,9,3,-131.12,9,-131.12,14,-129.73,18,-130.14,19,-130.17,22,-130.80,23,-129.77,27,-129.90,28,-131.14
1429366055.000,9,3,-131.12,9,-131.12,14,-129.73,18,-130.14,19,-130.17,22,-130.80,23,-129.77,27,-129.90,28,-131.14
1429366056.000,9,3,-131.12,9,-131.12,14,-129.73,18,-130.14,19,-130.17,22,-130.80,23,-129.77,27,-129.90,28,-131.14
1429366057.000,9,3,-131.12,9,-131.12,14,-129.73,18,-130.14,19,-130.17,22,-130.80,23,-129.77,27,-129.90,28,-131.15
1429366058.000,9,3,-131.12,9,-131.12,14,-129.73,18,-130.14,19,-130.17,22,-130.80,23,-129.77,27,-129.90,28,-131.15
1429366059.000,9,3,-131.12,9,-131.12,14,-129.73,18,-130.14,19,-130.17,22,-130.80,23,-129.77,27,-129.90,28,-131.15
1429366060.000,9,3,-131.12,9,-131.12,14,-129.73,18,-130.14,19,-130.17,22,-130.80,23,-129.77,27,-129.90,28,-131.15
1429366061.000,9,3,-131.12,9,-131.12,14,-129.73,18,-130.14,19,-130.17,22,-130.80,23,-129.77,27,-129.90,28,-131.15
1429366062.000,9,3,-131.12,9,-131.12,14,-129.73,18,-130.14,19,-130.17,22,-130.80,23,-129.77,27,-129.90,28,-131.15
1429366063.000,9,3,-131.12,9,-131.12,14,-129.73,18,-130.14,19,-130.17,22,-130.80,23,-129.77,27,-129.90,28,-131.15
1429366064.000,9,3,-131.12,9,-131.12,14,-129.73,18,-130.14,19,-130.17,22,-130.79,23,-129.78,27,-129.90,28,-131.15
1429366065.000,9,3,-131.12,9,-131.12,14,-129.73,18,-130.14,19,-130.17,22,-130.79,23,-129.78,27,-129.90,28,-131.15
1429366066.000,9,3,-131.12,9,-131.12,14,-129.73,18,-130.14,19,-130.17,22,-130.79,23,-129.78,27,-129.90,28,-131.15
1429366067.000,9,3,-131.12,9,-131.12,14,-129.73,18,-130.14,19,-130.17,22,-130.79,23,-129.78,27,-129.90,28,-131.15
1429366068.000,9,3,-131.12,9,-131.12,14,-129.73,18,-130.14,19,-130.17,22,-130.79,23,-129.78,27,-129.90,28,-131.15
1429366069.000,9,3,-131.12,9,-131.12,14,-129.73,18,-130.14,19,-130.17,22,-130.79,23,-129.78,27,-129.90,28,-131.15
1429366070.000,9,3,-131.12,9,-131.12,14,-129.73,18,-130.14,19,-130.17,22,-130.79,23,-129.78,27,-129.90,28,-131.15
1429366071.000,9,3,-131.12,9,-131.12,14,-129.73,18,-130.14,19,-130.17,22,-130.79,23,-129.78,27,-129.90,28,-131.15
1429366072.000,9,3,-131.12,9,-131.12,14,-129.73,18,-130.14,19,-130.17,22,-130.79,23,-129.78,27,-129.90,28,-131.15
1429366073.000,9,3,-131.12,9,-131.12,14,-129.73,18,-130.14,19,-130.17,22,-130.79,23,-129.78,27,-129.90,28,-131.15
1429366074.000,9,3,-131.12,9,-131.12,14,-129.73,18,-130.14,19,-130.17,22,-130.79,23,-129.78,27,-129.90,28,-131.15
1429366075.000,9,3,-131.12,9,-131.12,14,-129.73,18,-130.14,19,-130.17,22,-130.79,23,-129.78,27,-129.90,28,-131.15
1429366076.000,9,3,-131.12,9,-131.12,14,-129.73,18,-130.14,19,-130.17,22,-130.79,23,-129.78,27,-129.90,28,-131.15
1429366077.000,9,3,-131.12,9,-131.12,14,-129.73,18,-130.14,19,-130.17,22,-130.79,23,-129.78,27,-129.90,28,-131.15
1429366078.000,9,3,-131.12,9,-131.12,14,-129.73,18,-130.14,19,-130.17,22,-130.79,23,-129.78,27,-129.90,28,-131.15
1429366079.000,9,3,-131.12,9,-131.12,14,-129.73,18,-130.13,19,-130.17,22,-130.79,23,-129.78,27,-129.90,28,-131.15
1429366080.000,9,3,-131.12,9,-131.12,14,-129.73,18,-130.13,19,-130.17,22,-130.79,23,-129.78,27,-129.90,28,-131.15
1429366081.000,9,3,-131.12,9,-131.12,14,-129.73,18,-130.13,19,-130.17,22,-130.79,23,-129.78,27,-129.90,28,-131.15
1429366082.000,9,3,-131.12,9,-131.12,14,-129.73,18,-130.13,19,-130.17,22,-130.79,23,-129.78,27,-129.90,28,-131.15
1429366083.000,9,3,-131.12,9,-131.12,14,-129.73,18,-130.13,19,-130.17,22,-130.79,23,-129.78,27,-129.90,28,-131.15
1429366084.000,9,3,-131.12,9,-131.12,14,-129.73,18,-130.13,19,-130.17,22,-130.79,23,-129.78,27,-129.89,28,-131.15
1429366085.000,9,3,-131.12,9,-131.12,14,-129.73,18,-130.13,19,-130.17,22,-130.79,23,-129.78,27,-129.89,28,-131.15
1429366086.000,9,3,-131.12,9,-131.12,14,-129.73,18,-130.13,19,-130.17,22,-130.79,23,-129.78,27,-129.89,28,-131.15
1429366087.000,9,3,-131.12,9,-131.12,14,-129.73,18,-130.13,19,-130.17,22,-130.79,23,-129.78,27,-129.89,28,-131.15
1429366088.000,9,3,-131.12,9,-131.12,14,-129.73,18,-130.13,19,-130.17,22,-130.79,23,-129.78,27,-129.89,28,-131.15
1429366089.000,9,3,-131.12,9,-131.12,14,-129.73,18,-130.13,19,-130.17,22,-130.79,23,-129.78,27,-129.89,28,-131.15
1429366090.000,9,3,-131.12,9,-131.12,14,-129.73,18,-130.13,19,-130.17,22,-130.79,23,-129.78,27,-129.89,28,-131.15
1429366091.000,9,3,-131.12,9,-131.12,14,-129.73,18,-130.13,19,-130.17,22,-130.79,23,-129.78,27,-129.89,28,-131.15
1429366092.000,9,3,-131.12,9,-131.12,14,-129.73,18,-130.13,19,-130.17,22,-130.79,23,-129.78,27,-129.89,28,-131.15
1429366093.000,9,3,-131.12,9,-131.12,14,-129.73,18,-130.13,19,-130.17,22,-130.79,23,-129.78,27,-129.89,28,-131.15
1429366094.000,9,3,-131.12,9,-131.12,14,-129.73,18,-130.13,19,-130.17,22,-130.79,23,-129.78,27,-129.89,28,-131.15
1429366095.000,9,3,-131.12,9,-131.12,14,-129.73,18,-130.13,19,-130.17,22,-130.79,23,-129.78,27,-129.89,28,-131.15
1429366096.000,9,3,-131.12,9,-131.12,14,-129.73,18,-130.13,19,-130.17,22,-130.79,23,-129.78,27,-129.89,28,-131.15
1429366097.000,9,3,-131.12,9,-131.12,14,-129.73,18,-130.13,19,-130.17,22,-130.79,23,-129.78,27,-129.89,28,-131.15
1429366098.000,9,3,-131.12,9,-131.12,14,-129.73,18,-130.13,19,-130.17,22,-130.79,23,-129.78,27,-129.89,28,-131.15
1429366099.000,9,3,-131.12,9,-131.12,14,-129.73,18,-130.13,19,-130.17,22,-130.79,23,-129.78,27,-129.89,28,-131.15
1429366100.000,9,3,-131.12,9,-131.12,14,-129.73,18,-130.13,19,-130.17,22,-130.79,23,-129.78,27,-129.89,28,-131.15
1429366101.000,9,3,-131.12,9,-131.12,14,-129.73,18,-130.13,19,-130.17,22,-130.79,23,-129.78,27,-129.89,28,-131.15
1429366102.000,9,3,-131.12,9,-131.12,14,-129.73,18,-130.13,19,-130.17,22,-130.79,23,-129.78,27,-129.89,28,-131.15
1429366103.000,9,3,-131.12,9,-131.12,14,-129.73,18,-130.13,19,-130.17,22,-130.79,23,-129.78,27,-129.89,28,-131.15
1429366104.000,9,3,-131.11,9,-131.12,14,-129.73,18,-130.13,19,-130.17,22,-130.79,23,-129.78,27,-129.89,28,-131.16
1429366105.000,9,3,-131.11,9,-131.12,14,-129.73,18,-130.13,19,-130.17,22,-130.79,23,-129.78,27,-129.89,28,-131.16
1429366106.000,9,3,-131.11,9,-131.12,14,-129.73,18,-130.13,19,-130.17,22,-130.79,23,-129.78,27,-129.89,28,-131.16
1429366107.000,9,3,-131.11,9,-131.12,14,-129.73,18,-130.13,19,-130.17,22,-130.79,23,-129.78,27,-129.89,28,-131.16
1429366108.000,9,3,-131.11,9,-131.12,14,-129.73,18,-130.13,19,-130.17,22,-130.79,23,-129.78,27,-129.89,28,-131.16
1429366109.000,9,3,-131.11,9,-131.12,14,-129.73,18,-130.13,19,-130.17,22,-130.79,23,-129.78,27,-129.89,28,-131.16
1429366110.000,9,3,-131.11,9,-131.12,14,-129.73,18,-130.13,19,-130.18,22,-130.79,23,-129.78,27,-129.89,28,-131.16
1429366111.000,9,3,-131.11,9,-131.12,14,-129.73,18,-130.13,19,-130.18,22,-130.79,23,-129.78,27,-129.89,28,-131.16
1429366112.000,9,3,-131.11,9,-131.12,14,-129.73,18,-130.13,19,-130.18,22,-130.79,23,-129.78,27,-129.89,28,-131.16
1429366113.000,9,3,-131.11,9,-131.12,14,-129.73,18,-130.13,19,-130.18,22,-130.79,23,-129.78,27,-129.89,28,-131.16
1429366114.000,9,3,-131.11,9,-131.12,14,-129.73,18,-130.13,19,-130.18,22,-130.78,23,-129.78,27,-129.89,28,-131.16
1429366115.000,9,3,-131.11,9,-131.12,14,-129.73,18,-130.13,19,-130.18,22,-130.78,23,-129.78,27,-129.89,28,-131.16
1429366116.000,9,3,-131.11,9,-131.12,14,-129.73,18,-130.13,19,-130.18,22,-130.78,23,-129.78,27,-129.89,28,-131.16
1429366117.000,9,3,-131.11,9,-131.12,14,-129.73,18,-130.13,19,-130.18,22,-130.78,23,-129.78,27,-129.89,28,-131.16
1429366118.000,9,3,-131.11,9,-131.12,14,-129.73,18,-130.13,19,-130.18,22,-130.78,23,-129.78,27,-129.89,28,-131.16
1429366119.000,9,3,-131.11,9,-131.12,14,-129.73,18,-130.13,19,-130.18,22,-130.78,23,-129.78,27,-129.89,28,-131.16
1429366120.000,9,3,-131.11,9,-131.12,14,-129.73,18,-130.13,19,-130.18,22,-130.78,23,-129.78,27,-129.89,28,-131.16
1429366121.000,9,3,-131.11,9,-131.12,14,-129.73,18,-130.13,19,-130.18,22,-130.78,23,-129.78,27,-129.89,28,-131.16
1429366122.000,9,3,-131.11,9,-131.12,14,-129.73,18,-130.13,19,-130.18,22,-130.78,23,-129.78,27,-129.89,28,-131.16
1429366123.000,9,3,-131.11,9,-131.12,14,-129.73,18,-130.13,19,-130.18,22,-130.78,23,-129.78,27,-129.89,28,-131.16
1429366124.000,9,3,-131.11,9,-131.12,14,-129.73,18,-130.13,19,-130.18,22,-130.78,23,-129.78,27,-129.89,28,-131.16
1429366125.000,9,3,-131.11,9,-131.12,14,-129.73,18,-130.13,19,-130.18,22,-130.78,23,-129.78,27,-129.89,28,-131.16
1429366126.000,9,3,-131.11,9,-131.12,14,-129.73,18,-130.13,19,-130.18,22,-130.78,23,-129.78,27,-129.89,28,-131.16
1429366127.000,9,3,-131.11,9,-131.12,14,-129.73,18,-130.13,19,-130.18,22,-130.78,23,-129.78,27,-129.89,28,-131.16
1429366128.000,9,3,-131.11,9,-131.12,14,-129.73,18,-130.13,19,-130.18,22,-130.78,23,-129.78,27,-129.89,28,-131.16
1429366129.000,9,3,-131.11,9,-131.12,14,-129.73,18,-130.13,19,-130.18,22,-130.78,23,-129.78,27,-129.89,28,-131.16
1429366130.000,9,3,-131.11,9,-131.12,14,-129.73,18,-130.13,19,-130.18,22,-130.78,23,-129.78,27,-129.89,28,-131.16
1429366131.000,9,3,-131.11,9,-131.12,14,-129.73,18,-130.13,19,-130.18,22,-130.78,23,-129.78,27,-129.89,28,-131.16
1429366132.000,9,3,-131.11,9,-131.12,14,-129.73,18,-130.12,19,-130.18,22,-130.78,23,-129.78,27,-129.89,28,-131.16
1429366133.000,9,3,-131.11,9,-131.12,14,-129.73,18,-130.12,19,-130.18,22,-130.78,23,-129.78,27,-129.89,28,-131.16
1429366134.000,9,3,-131.11,9,-131.12,14,-129.73,18,-130.12,19,-130.18,22,-130.78,23,-129.78,27,-129.89,28,-131.16
1429366135.000,9,3,-131.11,9,-131.12,14,-129.73,18,-130.12,19,-130.18,22,-130.78,23,-129.78,27,-129.89,28,-131.16
1429366136.000,9,3,-131.11,9,-131.12,14,-129.73,18,-130.12,19,-130.18,22,-130.78,23,-129.78,27,-129.89,28,-131.16
1429366137.000,9,3,-131.11,9,-131.12,14,-129.73,18,-130.12,19,-130.18,22,-130.78,23,-129.78,27,-129.89,28,-131.16
1429366138.000,9,3,-131.11,9,-131.12,14,-129.73,18,-130.12,19,-130.18,22,-130.78,23,-129.78,27,-129.89,28,-131.16
1429366139.000,9,3,-131.11,9,-131.12,14,-129.73,18,-130.12,19,-130.18,22,-130.78,23,-129.78,27,-129.89,28,-131.16
1429366140.000,9,3,-131.11,9,-131.12,14,-129.73,18,-130.12,19,-130.18,22,-130.78,23,-129.78,27,-129.89,28,-131.16
1429366141.000,9,3,-131.11,9,-131.12,14,-129.73,18,-130.12,19,-130.18,22,-130.78,23,-129.78,27,-129.89,28,-131.16
1429366142.000,9,3,-131.11,9,-131.12,14,-129.73,18,-130.12,19,-130.18,22,-130.78,23,-129.78,27,-129.89,28,-131.16
1429366143.000,9,3,-131.11,9,-131.12,14,-129.73,18,-130.12,19,-130.18,22,-130.78,23,-129.78,27,-129.89,28,-131.16
1429366144.000,9,3,-131.11,9,-131.12,14,-129.73,18,-130.12,19,-130.18,22,-130.78,23,-129.78,27,-129.89,28,-131.16
1429366145.000,9,3,-131.11,9,-131.12,14,-129.73,18,-130.12,19,-130.18,22,-130.78,23,-129.78,27,-129.89,28,-131.16
1429366146.000,9,3,-131.11,9,-131.12,14,-129.73,18,-130.12,19,-130.18,22,-130.78,23,-129.78,27,-129.89,28,-131.16
1429366147.000,9,3,-131.11,9,-131.12,14,-129.73,18,-130.12,19,-130.18,22,-130.78,23,-129.78,27,-129.89,28,-131.16
1429366148.000,9,3,-131.11,9,-131.12,14,-129.73,18,-130.12,19,-130.18,22,-130.78,23,-129.78,27,-129.89,28,-131.16
1429366149.000,9,3,-131.11,9,-131.12,14,-129.73,18,-130.12,19,-130.18,22,-130.78,23,-129.78,27,-129.89,28,-131.16
1429366150.000,9,3,-131.11,9,-131.12,14,-129.73,18,-130.12,19,-130.18,22,-130.78,23,-129.78,27,-129.89,28,-131.16
1429366151.000,9,3,-131.11,9,-131.12,14,-129.73,18,-130.12,19,-130.18,22,-130.78,23,-129.78,27,-129.89,28,-131.17
1429366152.000,9,3,-131.11,9,-131.12,14,-129.73,18,-130.12,19,-130.18,22,-130.78,23,-129.78,27,-129.89,28,-131.17
1429366153.000,9,3,-131.11,9,-131.12,14,-129.73,18,-130.12,19,-130.18,22,-130.78,23,-129.78,27,-129.89,28,-131.17
1429366154.000,9,3,-131.11,9,-131.12,14,-129.73,18,-130.12,19,-130.18,22,-130.78,23,-129.78,27,-129.89,28,-131.17
1429366155.000,9,3,-131.11,9,-131.12,14,-129.73,18,-130.12,19,-130.18,22,-130.78,23,-129.78,27,-129.89,28,-131.17
1429366156.000,9,3,-131.11,9,-131.12,14,-129.73,18,-130.12,19,-130.18,22,-130.78,23,-129.78,27,-129.89,28,-131.17
1429366157.000,9,3,-131.11,9,-131.12,14,-129.73,18,-130.12,19,-130.18,22,-130.78,23,-129.79,27,-129.89,28,-131.17
1429366158.000,9,3,-131.11,9,-131.12,14,-129.73,18,-130.12,19,-130.18,22,-130.78,23,-129.79,27,-129.89,28,-131.17
1429366159.000,9,3,-131.11,9,-131.12,14,-129.73,18,-130.12,19,-130.18,22,-130.78,23,-129.79,27,-129.89,28,-131.17
1429366160.000,9,3,-131.11,9,-131.12,14,-129.73,18,-130.12,19,-130.18,22,-130.78,23,-129.79,27,-129.89,28,-131.17
1429366161.000,9,3,-131.11,9,-131.12,14,-129.73,18,-130.12,19,-130.18,22,-130.78,23,-129.79,27,-129.89,28,-131.17
1429366162.000,9,3,-131.11,9,-131.12,14,-129.73,18,-130.12,19,-130.18,22,-130.78,23,-129.79,27,-129.89,28,-131.17
1429366163.000,9,3,-131.11,9,-131.12,14,-129.73,18,-130.12,19,-130.18,22,-130.77,23,-129.79,27,-129.88,28,-131.17
1429366164.000,9,3,-131.11,9,-131.12,14,-129.73,18,-130.12,19,-130.18,22,-130.77,23,-129.79,27,-129.88,28,-131.17
1429366165.000,9,3,-131.11,9,-131.12,14,-129.73,18,-130.12,19,-130.18,22,-130.77,23,-129.79,27,-129.88,28,-131.17
1429366166.000,9,3,-131.11,9,-131.12,14,-129.73,18,-130.12,19,-130.19,22,-130.77,23,-129.79,27,-129.88,28,-131.17
1429366167.000,9,3,-131.11,9,-131.12,14,-129.73,18,-130.12,19,-130.19,22,-130.77,23,-129.79,27,-129.88,28,-131.17
1429366168.000,9,3,-131.11,9,-131.12,14,-129.73,18,-130.12,19,-130.19,22,-130.77,23,-129.79,27,-129.88,28,-131.17
1429366169.000,9,3,-131.11,9,-131.12,14,-129.73,18,-130.12,19,-130.19,22,-130.77,23,-129.79,27,-129.88,28,-131.17
1429366170.000,9,3,-131.11,9,-131.12,14,-129.73,18,-130.12,19,-130.19,22,-130.77,23,-129.79,27,-129.88,28,-131.17
1429366171.000,9,3,-131.11,9,-131.12,14,-129.73,18,-130.12,19,-130.19,22,-130.77,23,-129.79,27,-129.88,28,-131.17
1429366172.000,9,3,-131.11,9,-131.12,14,-129.73,18,-130.12,19,-130.19,22,-130.77,23,-129.79,27,-129.88,28,-131.17
1429366173.000,9,3,-131.11,9,-131.12,14,-129.73,18,-130.12,19,-130.19,22,-130.77,23,-129.79,27,-129.88,28,-131.17
1429366174.000,9,3,-131.11,9,-131.12,14,-129.73,18,-130.12,19,-130.19,22,-130.77,23,-129.79,27,-129.88,28,-131.17
1429366175.000,9,3,-131.11,9,-131.12,14,-129.73,18,-130.12,19,-130.19,22,-130.77,23,-129.79,27,-129.88,28,-131.17
1429366176.000,9,3,-131.11,9,-131.12,14,-129.73,18,-130.12,19,-130.19,22,-130.77,23,-129.79,27,-129.88,28,-131.17
1429366177.000,9,3,-131.11,9,-131.12,14,-129.73,18,-130.12,19,-130.19,22,-130.77,23,-129.79,27,-129.88,28,-131.17
1429366178.000,9,3,-131.11,9,-131.12,14,-129.73,18,-130.12,19,-130.19,22,-130.77,23,-129.79,27,-129.88,28,-131.17
1429366179.000,9,3,-131.11,9,-131.12,14,-129.73,18,-130.12,19,-130.19,22,-130.77,23,-129.79,27,-129.88,28,-131.17
1429366180.000,9,3,-131.11,9,-131.12,14,-129.73,18,-130.12,19,-130.19,22,-130.77,23,-129.79,27,-129.88,28,-131.17
1429366181.000,9,3,-131.11,9,-131.12,14,-129.73,18,-130.12,19,-130.19,22,-130.77,23,-129.79,27,-129.88,28,-131.17
1429366182.000,9,3,-131.11,9,-131.12,14,-129.73,18,-130.12,19,-130.19,22,-130.77,23,-129.79,27,-129.88,28,-131.17
1429366183.000,9,3,-131.11,9,-131.12,14,-129.73,18,-130.12,19,-130.19,22,-130.77,23,-129.79,27,-129.88,28,-131.17
1429366184.000,9,3,-131.11,9,-131.12,14,-129.73,18,-130.12,19,-130.19,22,-130.77,23,-129.79,27,-129.88,28,-131.17
1429366185.000,9,3,-131.11,9,-131.12,14,-129.73,18,-130.12,19,-130.19,22,-130.77,23,-129.79,27,-129.88,28,-131.17
1429366186.000,9,3,-131.11,9,-131.13,14,-129.73,18,-130.11,19,-130.19,22,-130.77,23,-129.79,27,-129.88,28,-131.17
1429366187.000,9,3,-131.11,9,-131.13,14,-129.73,18,-130.11,19,-130.19,22,-130.77,23,-129.79,27,-129.88,28,-131.17
1429366188.000,9,3,-131.11,9,-131.13,14,-129.73,18,-130.11,19,-130.19,22,-130.77,23,-129.79,27,-129.88,28,-131.17
1429366189.000,9,3,-131.11,9,-131.13,14,-129.73,18,-130.11,19,-130.19,22,-130.77,23,-129.79,27,-129.88,28,-131.17
1429366190.000,9,3,-131.11,9,-131.13,14,-129.73,18,-130.11,19,-130.19,22,-130.77,23,-129.79,27,-129.88,28,-131.17
1429366191.000,9,3,-131.11,9,-131.13,14,-129.73,18,-130.11,19,-130.19,22,-130.77,23,-129.79,27,-129.88,28,-131.17
1429366192.000,9,3,-131.11,9,-131.13,14,-129.73,18,-130.11,19,-130.19,22,-130.77,23,-129.79,27,-129.88,28,-131.17
1429366193.000,9,3,-131.11,9,-131.13,14,-129.73,18,-130.11,19,-130.19,22,-130.77,23,-129.79,27,-129.88,28,-131.17
1429366194.000,9,3,-131.11,9,-131.13,14,-129.73,18,-130.11,19,-130.19,22,-130.77,23,-129.79,27,-129.88,28,-131.17
1429366195.000,9,3,-131.11,9,-131.13,14,-129.73,18,-130.11,19,-130.19,22,-130.77,23,-129.79,27,-129.88,28,-131.17
1429366196.000,9,3,-131.11,9,-131.13,14,-129.73,18,-130.11,19,-130.19,22,-130.77,23,-129.79,27,-129.88,28,-131.17
1429366197.000,9,3,-131.11,9,-131.13,14,-129.73,18,-130.11,19,-130.19,22,-130.77,23,-129.79,27,-129.88,28,-131.18
1429366198.000,9,3,-131.11,9,-131.13,14,-129.73,18,-130.11,19,-130.19,22,-130.77,23,-129.79,27,-129.88,28,-131.18
1429366199.000,9,3,-131.11,9,-131.13,14,-129.73,18,-130.11,19,-130.19,22,-130.77,23,-129.79,27,-129.88,28,-131.18
1429366200.000,9,3,-131.11,9,-131.13,14,-129.73,18,-130.11,19,-130.19,22,-130.77,23,-129.79,27,-129.88,28,-131.18
