1429365600.000,0
1429365601.000,4,2,-7.98,3,-2.68,4,10.08,5,-4.44
1429365602.000,4,2,-7.62,3,-1.60,4,7.12,5,-5.16
1429365603.000,4,2,-7.21,3,-0.33,4,4.53,5,-5.80
1429365604.000,4,2,-6.75,3,1.16,4,2.43,5,-6.37
1429365605.000,4,2,-6.22,3,2.96,4,0.73,5,-6.88
1429365606.000,4,2,-5.64,3,5.18,4,-0.70,5,-7.33
1429365607.000,4,2,-4.97,3,7.91,4,-1.91,5,-7.72
1429365608.000,4,2,-4.22,3,10.80,4,-2.95,5,-8.08
1429365609.000,5,1,-8.22,2,-3.37,3,11.64,4,-3.85,5,-8.38
1429365610.000,4,1,-7.89,2,-2.40,3,9.27,4,-4.64
1429365611.000,4,1,-7.51,2,-1.27,3,6.36,4,-5.34
1429365612.000,4,1,-7.09,2,0.05,3,3.91,4,-5.97
1429365613.000,4,1,-6.61,2,1.62,3,1.93,4,-6.52
1429365614.000,4,1,-6.07,2,3.52,3,0.31,4,-7.01
1429365615.000,4,1,-5.46,2,5.88,3,-1.05,4,-7.44
1429365616.000,4,1,-4.78,2,8.73,3,-2.21,4,-7.82
1429365617.000,4,1,-4.00,2,11.38,3,-3.21,4,-8.16
1429365618.000,4,1,-3.12,2,11.20,3,-4.08,6,-8.13
1429365619.000,4,1,-2.11,2,8.45,3,-4.84,6,-7.79
1429365620.000,4,1,-0.93,2,5.64,3,-5.52,6,-7.40
1429365621.000,4,1,0.45,2,3.33,3,-6.12,6,-6.96
1429365622.000,4,1,2.10,2,1.46,3,-6.66,6,-6.47
1429365623.000,4,1,4.12,2,-0.08,3,-7.13,6,-5.91
1429365624.000,4,1,6.61,2,-1.38,3,-7.55,6,-5.28
1429365625.000,4,1,9.55,2,-2.49,3,-7.92,6,-4.57
1429365626.000,5,1,11.73,2,-3.46,3,-8.25,5,-8.36,6,-3.77
1429365627.000,4,1,10.57,2,-4.30,5,-8.04,6,-2.86
1429365628.000,4,1,7.64,2,-5.04,5,-7.69,6,-1.80
1429365629.000,4,1,4.96,2,-5.69,5,-7.29,6,-0.58
1429365630.000,4,1,2.78,2,-6.27,5,-6.83,6,0.87
1429365631.000,4,1,1.01,2,-6.79,5,-6.32,6,2.61
1429365632.000,4,1,-0.46,2,-7.25,5,-5.75,6,4.75
1429365633.000,4,1,-1.70,2,-7.66,5,-5.10,6,7.39
1429365634.000,4,1,-2.77,2,-8.02,5,-4.37,6,10.34
1429365635.000,3,1,-3.70,5,-3.53,6,11.78
1429365636.000,4,1,-4.51,4,-7.95,5,-2.58,6,9.81
1429365637.000,4,1,-5.23,4,-7.58,5,-1.49,6,6.85
1429365638.000,4,1,-5.86,4,-7.17,5,-0.20,6,4.31
1429365639.000,4,1,-6.42,4,-6.70,5,1.31,6,2.26
1429365640.000,4,1,-6.92,4,-6.17,5,3.15,6,0.58
1429365641.000,4,1,-7.37,4,-5.58,5,5.42,6,-0.82
1429365642.000,4,1,-7.76,4,-4.91,5,8.19,6,-2.01
1429365643.000,4,1,-8.11,4,-4.15,5,11.02,6,-3.04
1429365644.000,3,4,-3.29,5,11.52,6,-3.93
1429365645.000,4,3,-7.86,4,-2.30,5,8.99,6,-4.71
1429365646.000,4,3,-7.48,4,-1.16,5,6.11,6,-5.41
1429365647.000,4,3,-7.05,4,0.18,5,3.71,6,-6.02
1429365648.000,4,3,-6.56,4,1.78,5,1.77,6,-6.56
1429365649.000,4,3,-6.02,4,3.72,5,0.17,6,-7.05
1429365650.000,4,3,-5.40,4,6.13,5,-1.16,6,-7.48
1429365651.000,4,3,-4.71,4,9.01,5,-2.31,6,-7.86
1429365652.000,4,3,-3.92,4,11.53,5,-3.29,6,-8.19
1429365653.000,4,2,-8.10,3,-3.03,4,11.01,5,-4.15
1429365654.000,4,2,-7.76,3,-2.00,4,8.17,5,-4.91
1429365655.000,4,2,-7.36,3,-0.81,4,5.40,5,-5.58
1429365656.000,4,2,-6.92,3,0.59,4,3.14,5,-6.18
1429365657.000,4,2,-6.42,3,2.27,4,1.30,5,-6.70
1429365658.000,4,2,-5.86,3,4.33,4,-0.21,5,-7.17
1429365659.000,4,2,-5.22,3,6.87,4,-1.49,5,-7.59
1429365660.000,4,2,-4.50,3,9.83,4,-2.59,5,-7.95
1429365661.000,5,1,-8.33,2,-3.69,3,11.78,4,-3.54,5,-8.28
1429365662.000,4,1,-8.01,2,-2.76,3,10.32,4,-4.37
1429365663.000,4,1,-7.65,2,-1.69,3,7.37,4,-5.10
1429365664.000,4,1,-7.25,2,-0.45,3,4.73,4,-5.75
1429365665.000,4,1,-6.79,2,1.02,3,2.60,4,-6.33
1429365666.000,4,1,-6.27,2,2.79,3,0.86,4,-6.84
1429365667.000,4,1,-5.69,2,4.97,3,-0.58,4,-7.29
1429365668.000,4,1,-5.03,2,7.66,3,-1.81,4,-7.69
1429365669.000,4,1,-4.29,2,10.58,3,-2.86,4,-8.05
1429365670.000,5,1,-3.45,2,11.72,3,-3.78,4,-8.36,6,-8.25
1429365671.000,4,1,-2.49,2,9.53,3,-4.58,6,-7.92
1429365672.000,4,1,-1.37,2,6.59,3,-5.29,6,-7.55
1429365673.000,4,1,-0.07,2,4.10,3,-5.91,6,-7.13
1429365674.000,4,1,1.47,2,2.09,3,-6.47,6,-6.65
1429365675.000,4,1,3.34,2,0.44,3,-6.97,6,-6.12
1429365676.000,4,1,5.65,2,-0.94,3,-7.40,6,-5.52
1429365677.000,4,1,8.47,2,-2.11,3,-7.79,6,-4.84
1429365678.000,4,1,11.22,2,-3.12,3,-8.14,6,-4.07
1429365679.000,4,1,11.37,2,-4.01,5,-8.16,6,-3.20
1429365680.000,4,1,8.71,2,-4.78,5,-7.82,6,-2.20
1429365681.000,4,1,5.86,2,-5.47,5,-7.44,6,-1.04
1429365682.000,4,1,3.51,2,-6.07,5,-7.00,6,0.32
1429365683.000,4,1,1.61,2,-6.61,5,-6.51,6,1.95
1429365684.000,4,1,0.04,2,-7.09,5,-5.96,6,3.93
1429365685.000,4,1,-1.28,2,-7.52,5,-5.34,6,6.38
1429365686.000,4,1,-2.40,2,-7.89,5,-4.64,6,9.29
1429365687.000,3,1,-3.38,5,-3.85,6,11.65
1429365688.000,4,1,-4.23,4,-8.07,5,-2.94,6,10.79
1429365689.000,4,1,-4.98,4,-7.72,5,-1.90,6,7.89
1429365690.000,4,1,-5.64,4,-7.32,5,-0.69,6,5.17
1429365691.000,4,1,-6.23,4,-6.87,5,0.74,6,2.95
1429365692.000,4,1,-6.75,4,-6.37,5,2.45,6,1.15
1429365693.000,4,1,-7.21,4,-5.80,5,4.55,6,-0.34
1429365694.000,4,1,-7.62,4,-5.16,5,7.14,6,-1.60
1429365695.000,4,1,-7.99,4,-4.43,5,10.10,6,-2.68
1429365696.000,3,4,-3.61,5,11.79,6,-3.62
1429365697.000,4,3,-7.98,4,-2.67,5,10.06,6,-4.44
1429365698.000,4,3,-7.62,4,-1.59,5,7.10,6,-5.17
1429365699.000,4,3,-7.21,4,-0.32,5,4.51,6,-5.81
1429365700.000,4,3,-6.74,4,1.17,5,2.42,6,-6.38
1429365701.000,4,3,-6.22,4,2.98,5,0.71,6,-6.88
1429365702.000,4,3,-5.63,4,5.20,5,-0.71,6,-7.33
1429365703.000,4,3,-4.97,4,7.93,5,-1.91,6,-7.73
1429365704.000,4,3,-4.22,4,10.82,5,-2.95,6,-8.08
1429365705.000,5,2,-8.22,3,-3.37,4,11.63,5,-3.86,6,-8.38
1429365706.000,4,2,-7.89,3,-2.39,4,9.25,5,-4.65
1429365707.000,4,2,-7.51,3,-1.26,4,6.34,5,-5.35
1429365708.000,4,2,-7.08,3,0.06,4,3.90,5,-5.97
1429365709.000,4,2,-6.61,3,1.63,4,1.92,5,-6.52
1429365710.000,4,2,-6.07,3,3.54,4,0.30,5,-7.01
1429365711.000,4,2,-5.46,3,5.90,4,-1.06,5,-7.44
1429365712.000,4,2,-4.77,3,8.75,4,-2.21,5,-7.83
1429365713.000,4,2,-4.00,3,11.39,4,-3.21,5,-8.17
1429365714.000,4,1,-8.13,2,-3.11,3,11.19,4,-4.08
1429365715.000,4,1,-7.79,2,-2.10,3,8.43,4,-4.85
1429365716.000,4,1,-7.40,2,-0.92,3,5.62,4,-5.53
1429365717.000,4,1,-6.96,2,0.46,3,3.32,4,-6.13
1429365718.000,4,1,-6.46,2,2.11,3,1.45,4,-6.66
1429365719.000,4,1,-5.91,2,4.13,3,-0.09,4,-7.13
1429365720.000,4,1,-5.28,2,6.63,3,-1.39,4,-7.55
1429365721.000,4,1,-4.57,2,9.57,3,-2.50,4,-7.92
1429365722.000,5,1,-3.77,2,11.73,3,-3.46,4,-8.25,6,-8.35
1429365723.000,4,1,-2.85,2,10.55,3,-4.30,6,-8.04
1429365724.000,4,1,-1.79,2,7.62,3,-5.04,6,-7.69
1429365725.000,4,1,-0.57,2,4.94,3,-5.70,6,-7.28
1429365726.000,4,1,0.88,2,2.77,3,-6.28,6,-6.83
1429365727.000,4,1,2.63,2,1.00,3,-6.79,6,-6.32
1429365728.000,4,1,4.77,2,-0.47,3,-7.25,6,-5.74
1429365729.000,4,1,7.41,2,-1.71,3,-7.66,6,-5.09
1429365730.000,4,1,10.35,2,-2.78,3,-8.02,6,-4.36
1429365731.000,4,1,11.77,2,-3.70,5,-8.27,6,-3.53
1429365732.000,4,1,9.79,2,-4.51,5,-7.95,6,-2.58
1429365733.000,4,1,6.84,2,-5.23,5,-7.58,6,-1.48
1429365734.000,4,1,4.30,2,-5.86,5,-7.17,6,-0.20
1429365735.000,4,1,2.25,2,-6.43,5,-6.70,6,1.33
1429365736.000,4,1,0.57,2,-6.93,5,-6.17,6,3.17
1429365737.000,4,1,-0.83,2,-7.37,5,-5.57,6,5.43
1429365738.000,4,1,-2.02,2,-7.76,5,-4.90,6,8.21
1429365739.000,3,1,-3.04,5,-4.14,6,11.04
1429365740.000,4,1,-3.94,4,-8.19,5,-3.28,6,11.51
1429365741.000,4,1,-4.72,4,-7.85,5,-2.29,6,8.97
1429365742.000,4,1,-5.41,4,-7.47,5,-1.15,6,6.09
1429365743.000,4,1,-6.02,4,-7.04,5,0.19,6,3.69
1429365744.000,4,1,-6.57,4,-6.56,5,1.79,6,1.76
1429365745.000,4,1,-7.05,4,-6.01,5,3.74,6,0.16
1429365746.000,4,1,-7.48,4,-5.40,5,6.14,6,-1.17
1429365747.000,4,1,-7.86,4,-4.70,5,9.03,6,-2.31
1429365748.000,4,1,-8.19,4,-3.92,5,11.54,6,-3.30
1429365749.000,4,3,-8.10,4,-3.02,5,10.99,6,-4.16
1429365750.000,4,3,-7.75,4,-2.00,5,8.15,6,-4.92
1429365751.000,4,3,-7.36,4,-0.80,5,5.38,6,-5.59
1429365752.000,4,3,-6.92,4,0.60,5,3.12,6,-6.18
1429365753.000,4,3,-6.41,4,2.29,5,1.29,6,-6.71
1429365754.000,4,3,-5.85,4,4.35,5,-0.22,6,-7.17
1429365755.000,4,3,-5.22,4,6.89,5,-1.50,6,-7.59
1429365756.000,4,3,-4.50,4,9.85,5,-2.60,6,-7.96
1429365757.000,4,3,-3.69,4,11.78,5,-3.55,6,-8.28
1429365758.000,4,2,-8.01,3,-2.76,4,10.30,5,-4.38
1429365759.000,4,2,-7.65,3,-1.69,4,7.35,5,-5.11
1429365760.000,4,2,-7.24,3,-0.44,4,4.72,5,-5.75
1429365761.000,4,2,-6.78,3,1.03,4,2.59,5,-6.33
1429365762.000,4,2,-6.27,3,2.81,4,0.85,5,-6.84
1429365763.000,4,2,-5.68,3,4.99,4,-0.59,5,-7.29
1429365764.000,4,2,-5.03,3,7.68,4,-1.82,5,-7.69
1429365765.000,4,2,-4.29,3,10.60,4,-2.87,5,-8.05
1429365766.000,5,1,-8.24,2,-3.44,3,11.72,4,-3.78,5,-8.36
1429365767.000,4,1,-7.92,2,-2.48,3,9.51,4,-4.59
1429365768.000,4,1,-7.54,2,-1.37,3,6.58,4,-5.29
1429365769.000,4,1,-7.12,2,-0.06,3,4.09,4,-5.92
1429365770.000,4,1,-6.65,2,1.48,3,2.08,4,-6.47
1429365771.000,4,1,-6.11,2,3.36,3,0.43,4,-6.97
1429365772.000,4,1,-5.51,2,5.67,3,-0.95,4,-7.41
1429365773.000,4,1,-4.83,2,8.49,3,-2.12,4,-7.80
1429365774.000,4,1,-4.07,2,11.23,3,-3.13,4,-8.14
1429365775.000,4,1,-3.19,2,11.36,3,-4.01,6,-8.16
1429365776.000,4,1,-2.19,2,8.69,3,-4.79,6,-7.82
1429365777.000,4,1,-1.03,2,5.84,3,-5.47,6,-7.43
1429365778.000,4,1,0.33,2,3.50,3,-6.08,6,-7.00
1429365779.000,4,1,1.96,2,1.60,3,-6.62,6,-6.51
1429365780.000,4,1,3.94,2,0.03,3,-7.09,6,-5.96
1429365781.000,4,1,6.40,2,-1.29,3,-7.52,6,-5.34
1429365782.000,4,1,9.32,2,-2.41,3,-7.89,6,-4.63
1429365783.000,5,1,11.65,2,-3.38,3,-8.22,5,-8.38,6,-3.84
1429365784.000,4,1,10.77,2,-4.23,5,-8.07,6,-2.93
1429365785.000,4,1,7.87,2,-4.98,5,-7.72,6,-1.89
1429365786.000,4,1,5.15,2,-5.64,5,-7.32,6,-0.68
1429365787.000,4,1,2.94,2,-6.23,5,-6.87,6,0.75
1429365788.000,4,1,1.14,2,-6.75,5,-6.36,6,2.46
1429365789.000,4,1,-0.35,2,-7.22,5,-5.79,6,4.56
1429365790.000,4,1,-1.61,2,-7.63,5,-5.15,6,7.16
1429365791.000,4,1,-2.69,2,-7.99,5,-4.43,6,10.11
1429365792.000,3,1,-3.63,5,-3.60,6,11.79
1429365793.000,4,1,-4.45,4,-7.98,5,-2.66,6,10.04
1429365794.000,4,1,-5.17,4,-7.62,5,-1.58,6,7.08
1429365795.000,4,1,-5.81,4,-7.20,5,-0.31,6,4.50
1429365796.000,4,1,-6.38,4,-6.74,5,1.18,6,2.41
1429365797.000,4,1,-6.88,4,-6.22,5,2.99,6,0.70
1429365798.000,4,1,-7.33,4,-5.63,5,5.22,6,-0.72
1429365799.000,4,1,-7.73,4,-4.96,5,7.95,6,-1.92
1429365800.000,4,1,-8.08,4,-4.21,5,10.84,6,-2.96
1429365801.000,3,4,-3.36,5,11.62,6,-3.86
1429365802.000,4,3,-7.88,4,-2.38,5,9.23,6,-4.65
1429365803.000,4,3,-7.51,4,-1.25,5,6.32,6,-5.35
1429365804.000,4,3,-7.08,4,0.07,5,3.88,6,-5.97
1429365805.000,4,3,-6.60,4,1.64,5,1.91,6,-6.52
1429365806.000,4,3,-6.06,4,3.55,5,0.29,6,-7.01
1429365807.000,4,3,-5.45,4,5.92,5,-1.07,6,-7.45
1429365808.000,4,3,-4.77,4,8.77,5,-2.22,6,-7.83
1429365809.000,4,3,-3.99,4,11.40,5,-3.22,6,-8.17
1429365810.000,4,2,-8.13,3,-3.11,4,11.18,5,-4.09
1429365811.000,4,2,-7.79,3,-2.09,4,8.41,5,-4.85
1429365812.000,4,2,-7.40,3,-0.91,4,5.60,5,-5.53
1429365813.000,4,2,-6.96,3,0.47,4,3.30,5,-6.13
1429365814.000,4,2,-6.46,3,2.13,4,1.44,5,-6.66
1429365815.000,4,2,-5.90,3,4.15,4,-0.10,5,-7.14
1429365816.000,4,2,-5.27,3,6.65,4,-1.40,5,-7.56
1429365817.000,4,2,-4.56,3,9.59,4,-2.51,5,-7.93
1429365818.000,5,1,-8.35,2,-3.76,3,11.74,4,-3.47,5,-8.25
1429365819.000,4,1,-8.04,2,-2.84,3,10.53,4,-4.31
1429365820.000,4,1,-7.68,2,-1.79,3,7.60,4,-5.05
1429365821.000,4,1,-7.28,2,-0.56,3,4.92,4,-5.70
1429365822.000,4,1,-6.83,2,0.89,3,2.75,4,-6.28
1429365823.000,4,1,-6.31,2,2.64,3,0.99,4,-6.80
1429365824.000,4,1,-5.74,2,4.78,3,-0.48,4,-7.26
1429365825.000,4,1,-5.09,2,7.43,3,-1.72,4,-7.66
1429365826.000,4,1,-4.35,2,10.37,3,-2.78,4,-8.02
1429365827.000,5,1,-3.52,2,11.77,3,-3.71,4,-8.33,6,-8.27
1429365828.000,4,1,-2.57,2,9.77,3,-4.52,6,-7.95
1429365829.000,4,1,-1.47,2,6.82,3,-5.23,6,-7.58
1429365830.000,4,1,-0.19,2,4.28,3,-5.87,6,-7.16
1429365831.000,4,1,1.34,2,2.24,3,-6.43,6,-6.69
1429365832.000,4,1,3.18,2,0.56,3,-6.93,6,-6.16
1429365833.000,4,1,5.45,2,-0.84,3,-7.37,6,-5.57
1429365834.000,4,1,8.23,2,-2.03,3,-7.76,6,-4.90
1429365835.000,4,1,11.05,2,-3.05,3,-8.11,6,-4.14
1429365836.000,4,1,11.50,2,-3.94,5,-8.19,6,-3.27
1429365837.000,4,1,8.95,2,-4.72,5,-7.85,6,-2.28
1429365838.000,4,1,6.07,2,-5.42,5,-7.47,6,-1.14
1429365839.000,4,1,3.68,2,-6.03,5,-7.04,6,0.20
1429365840.000,4,1,1.75,2,-6.57,5,-6.55,6,1.81
1429365841.000,4,1,0.15,2,-7.06,5,-6.01,6,3.75
1429365842.000,4,1,-1.18,2,-7.48,5,-5.39,6,6.16
1429365843.000,4,1,-2.32,2,-7.86,5,-4.70,6,9.06
1429365844.000,3,1,-3.30,5,-3.91,6,11.55
1429365845.000,4,1,-4.16,4,-8.10,5,-3.02,6,10.97
1429365846.000,4,1,-4.92,4,-7.75,5,-1.99,6,8.13
1429365847.000,4,1,-5.59,4,-7.36,5,-0.79,6,5.37
1429365848.000,4,1,-6.18,4,-6.91,5,0.61,6,3.11
1429365849.000,4,1,-6.71,4,-6.41,5,2.30,6,1.28
1429365850.000,4,1,-7.18,4,-5.85,5,4.36,6,-0.23
1429365851.000,4,1,-7.59,4,-5.21,5,6.91,6,-1.51
1429365852.000,4,1,-7.96,4,-4.49,5,9.87,6,-2.60
1429365853.000,3,4,-3.68,5,11.78,6,-3.55
1429365854.000,4,3,-8.01,4,-2.75,5,10.28,6,-4.38
1429365855.000,4,3,-7.65,4,-1.68,5,7.33,6,-5.11
1429365856.000,4,3,-7.24,4,-0.43,5,4.70,6,-5.76
1429365857.000,4,3,-6.78,4,1.04,5,2.57,6,-6.33
1429365858.000,4,3,-6.26,4,2.82,5,0.84,6,-6.84
1429365859.000,4,3,-5.68,4,5.01,5,-0.60,6,-7.30
1429365860.000,4,3,-5.02,4,7.70,5,-1.82,6,-7.70
1429365861.000,4,3,-4.28,4,10.62,5,-2.88,6,-8.05
1429365862.000,5,2,-8.24,3,-3.44,4,11.71,5,-3.79,6,-8.36
1429365863.000,4,2,-7.91,3,-2.47,4,9.49,5,-4.59
1429365864.000,4,2,-7.54,3,-1.36,4,6.56,5,-5.30
1429365865.000,4,2,-7.12,3,-0.05,4,4.07,5,-5.92
1429365866.000,4,2,-6.65,3,1.49,4,2.06,5,-6.48
1429365867.000,4,2,-6.11,3,3.37,4,0.42,5,-6.97
1429365868.000,4,2,-5.51,3,5.69,4,-0.96,5,-7.41
1429365869.000,4,2,-4.83,3,8.51,4,-2.13,5,-7.80
1429365870.000,4,2,-4.06,3,11.25,4,-3.14,5,-8.14
1429365871.000,4,1,-8.16,2,-3.19,3,11.34,4,-4.02
1429365872.000,4,1,-7.82,2,-2.18,3,8.67,4,-4.79
1429365873.000,4,1,-7.43,2,-1.02,3,5.83,4,-5.48
1429365874.000,4,1,-7.00,2,0.34,3,3.48,4,-6.08
1429365875.000,4,1,-6.51,2,1.97,3,1.58,4,-6.62
1429365876.000,4,1,-5.95,2,3.96,3,0.02,4,-7.10
1429365877.000,4,1,-5.33,2,6.41,3,-1.29,4,-7.52
1429365878.000,4,1,-4.63,2,9.34,3,-2.42,4,-7.90
1429365879.000,5,1,-3.83,2,11.66,3,-3.39,4,-8.23,6,-8.38
1429365880.000,4,1,-2.93,2,10.75,3,-4.24,6,-8.07
1429365881.000,4,1,-1.88,2,7.85,3,-4.99,6,-7.72
1429365882.000,4,1,-0.67,2,5.13,3,-5.65,6,-7.32
1429365883.000,4,1,0.76,2,2.92,3,-6.23,6,-6.87
1429365884.000,4,1,2.47,2,1.13,3,-6.76,6,-6.36
1429365885.000,4,1,4.58,2,-0.36,3,-7.22,6,-5.79
1429365886.000,4,1,7.18,2,-1.62,3,-7.63,6,-5.15
1429365887.000,4,1,10.13,2,-2.70,3,-7.99,6,-4.42
1429365888.000,4,1,11.79,2,-3.63,5,-8.30,6,-3.60
1429365889.000,4,1,10.02,2,-4.45,5,-7.98,6,-2.66
1429365890.000,4,1,7.06,2,-5.18,5,-7.61,6,-1.57
1429365891.000,4,1,4.48,2,-5.82,5,-7.20,6,-0.31
1429365892.000,4,1,2.40,2,-6.38,5,-6.74,6,1.19
1429365893.000,4,1,0.69,2,-6.89,5,-6.21,6,3.01
1429365894.000,4,1,-0.73,2,-7.34,5,-5.62,6,5.24
1429365895.000,4,1,-1.93,2,-7.73,5,-4.96,6,7.97
1429365896.000,4,1,-2.97,2,-8.08,5,-4.21,6,10.85
1429365897.000,4,1,-3.87,4,-8.21,5,-3.35,6,11.62
1429365898.000,4,1,-4.66,4,-7.88,5,-2.37,6,9.21
1429365899.000,4,1,-5.36,4,-7.50,5,-1.24,6,6.30
1429365900.000,4,1,-5.98,4,-7.08,5,0.08,6,3.87
1429365901.000,4,1,-6.53,4,-6.60,5,1.65,6,1.90
1429365902.000,4,1,-7.02,4,-6.06,5,3.57,6,0.28
1429365903.000,4,1,-7.45,4,-5.45,5,5.93,6,-1.07
1429365904.000,4,1,-7.83,4,-4.76,5,8.79,6,-2.23
1429365905.000,4,1,-8.17,4,-3.98,5,11.42,6,-3.23
1429365906.000,3,4,-3.10,5,11.16,6,-4.09
1429365907.000,4,3,-7.78,4,-2.08,5,8.39,6,-4.86
1429365908.000,4,3,-7.39,4,-0.90,5,5.58,6,-5.54
1429365909.000,4,3,-6.95,4,0.48,5,3.29,6,-6.13
1429365910.000,4,3,-6.46,4,2.14,5,1.42,6,-6.67
1429365911.000,4,3,-5.90,4,4.17,5,-0.11,6,-7.14
1429365912.000,4,3,-5.27,4,6.67,5,-1.41,6,-7.56
1429365913.000,4,3,-4.56,4,9.61,5,-2.51,6,-7.93
1429365914.000,4,3,-3.75,4,11.74,5,-3.47,6,-8.25
1429365915.000,4,2,-8.04,3,-2.84,4,10.51,5,-4.31
1429365916.000,4,2,-7.68,3,-1.78,4,7.58,5,-5.05
1429365917.000,4,2,-7.28,3,-0.55,4,4.91,5,-5.71
1429365918.000,4,2,-6.82,3,0.90,4,2.74,5,-6.29
1429365919.000,4,2,-6.31,3,2.65,4,0.98,5,-6.80
1429365920.000,4,2,-5.73,3,4.80,4,-0.49,5,-7.26
1429365921.000,4,2,-5.08,3,7.45,4,-1.73,5,-7.66
1429365922.000,4,2,-4.35,3,10.39,4,-2.79,5,-8.02
1429365923.000,5,1,-8.27,2,-3.51,3,11.77,4,-3.71,5,-8.34
1429365924.000,4,1,-7.94,2,-2.56,3,9.75,4,-4.52
1429365925.000,4,1,-7.58,2,-1.46,3,6.80,4,-5.24
1429365926.000,4,1,-7.16,2,-0.18,3,4.27,4,-5.87
1429365927.000,4,1,-6.69,2,1.35,3,2.22,4,-6.43
1429365928.000,4,1,-6.16,2,3.19,3,0.55,4,-6.93
1429365929.000,4,1,-5.56,2,5.47,3,-0.85,4,-7.37
1429365930.000,4,1,-4.89,2,8.25,3,-2.03,4,-7.77
1429365931.000,4,1,-4.13,2,11.07,3,-3.06,4,-8.11
1429365932.000,5,1,-3.27,2,11.49,3,-3.95,4,-8.42,6,-8.18
1429365933.000,4,1,-2.28,2,8.93,3,-4.73,6,-7.85
1429365934.000,4,1,-1.13,2,6.05,3,-5.42,6,-7.47
1429365935.000,4,1,0.21,2,3.66,3,-6.03,6,-7.04
1429365936.000,4,1,1.82,2,1.73,3,-6.58,6,-6.55
1429365937.000,4,1,3.77,2,0.14,3,-7.06,6,-6.00
1429365938.000,4,1,6.18,2,-1.19,3,-7.49,6,-5.39
1429365939.000,4,1,9.08,2,-2.33,3,-7.87,6,-4.69
1429365940.000,5,1,11.56,2,-3.31,3,-8.20,5,-8.40,6,-3.91
1429365941.000,4,1,10.96,2,-4.17,5,-8.10,6,-3.01
1429365942.000,4,1,8.11,2,-4.93,5,-7.75,6,-1.98
1429365943.000,4,1,5.35,2,-5.59,5,-7.35,6,-0.78
1429365944.000,4,1,3.10,2,-6.19,5,-6.91,6,0.62
1429365945.000,4,1,1.27,2,-6.71,5,-6.41,6,2.31
1429365946.000,4,1,-0.24,2,-7.18,5,-5.84,6,4.38
1429365947.000,4,1,-1.52,2,-7.60,5,-5.21,6,6.93
1429365948.000,4,1,-2.61,2,-7.96,5,-4.49,6,9.89
1429365949.000,3,1,-3.56,5,-3.67,6,11.79
1429365950.000,4,1,-4.39,4,-8.01,5,-2.74,6,10.26
1429365951.000,4,1,-5.12,4,-7.65,5,-1.67,6,7.31
1429365952.000,4,1,-5.76,4,-7.24,5,-0.42,6,4.68
1429365953.000,4,1,-6.34,4,-6.78,5,1.05,6,2.56
1429365954.000,4,1,-6.85,4,-6.26,5,2.83,6,0.83
1429365955.000,4,1,-7.30,4,-5.68,5,5.02,6,-0.61
1429365956.000,4,1,-7.70,4,-5.02,5,7.72,6,-1.83
1429365957.000,4,1,-8.05,4,-4.28,5,10.64,6,-2.88
1429365958.000,3,4,-3.43,5,11.70,6,-3.79
1429365959.000,4,3,-7.91,4,-2.47,5,9.47,6,-4.60
1429365960.000,4,3,-7.54,4,-1.35,5,6.54,6,-5.30
1429365961.000,4,3,-7.12,4,-0.04,5,4.06,6,-5.93
1429365962.000,4,3,-6.64,4,1.51,5,2.05,6,-6.48
1429365963.000,4,3,-6.11,4,3.39,5,0.41,6,-6.98
1429365964.000,4,3,-5.50,4,5.71,5,-0.97,6,-7.41
1429365965.000,4,3,-4.82,4,8.53,5,-2.13,6,-7.80
1429365966.000,4,3,-4.06,4,11.26,5,-3.14,6,-8.14
1429365967.000,4,2,-8.15,3,-3.18,4,11.33,5,-4.02
1429365968.000,4,2,-7.81,3,-2.18,4,8.65,5,-4.80
1429365969.000,4,2,-7.43,3,-1.01,4,5.81,5,-5.48
1429365970.000,4,2,-6.99,3,0.35,4,3.47,5,-6.09
1429365971.000,4,2,-6.50,3,1.98,4,1.57,5,-6.62
1429365972.000,4,2,-5.95,3,3.97,4,0.01,5,-7.10
1429365973.000,4,2,-5.33,3,6.43,4,-1.30,5,-7.52
1429365974.000,4,2,-4.62,3,9.36,4,-2.43,5,-7.90
1429365975.000,5,1,-8.37,2,-3.83,3,11.67,4,-3.40,5,-8.23
1429365976.000,4,1,-8.07,2,-2.92,3,10.73,4,-4.25
1429365977.000,4,1,-7.71,2,-1.88,3,7.83,4,-4.99
1429365978.000,4,1,-7.32,2,-0.66,3,5.12,4,-5.65
1429365979.000,4,1,-6.86,2,0.77,3,2.91,4,-6.24
1429365980.000,4,1,-6.36,2,2.49,3,1.12,4,-6.76
1429365981.000,4,1,-5.79,2,4.59,3,-0.37,4,-7.22
1429365982.000,4,1,-5.14,2,7.20,3,-1.63,4,-7.63
1429365983.000,4,1,-4.42,2,10.15,3,-2.70,4,-7.99
1429365984.000,5,1,-3.59,2,11.79,3,-3.64,4,-8.31,6,-8.29
1429365985.000,4,1,-2.65,2,10.00,3,-4.46,6,-7.97
1429365986.000,4,1,-1.56,2,7.04,3,-5.18,6,-7.61
1429365987.000,4,1,-0.30,2,4.46,3,-5.82,6,-7.20
1429365988.000,4,1,1.21,2,2.38,3,-6.39,6,-6.73
1429365989.000,4,1,3.02,2,0.68,3,-6.89,6,-6.21
1429365990.000,4,1,5.25,2,-0.73,3,-7.34,6,-5.62
1429365991.000,4,1,8.00,2,-1.94,3,-7.73,6,-4.95
1429365992.000,4,1,10.87,2,-2.97,3,-8.08,6,-4.20
1429365993.000,4,1,11.61,2,-3.87,5,-8.21,6,-3.35
1429365994.000,4,1,9.19,2,-4.67,5,-7.88,6,-2.37
1429365995.000,4,1,6.28,2,-5.36,5,-7.50,6,-1.24
1429365996.000,4,1,3.85,2,-5.98,5,-7.08,6,0.09
1429365997.000,4,1,1.89,2,-6.53,5,-6.59,6,1.67
1429365998.000,4,1,0.27,2,-7.02,5,-6.05,6,3.58
1429365999.000,4,1,-1.08,2,-7.45,5,-5.44,6,5.95
1429366000.000,4,1,-2.24,2,-7.83,5,-4.76,6,8.82
1429366001.000,3,1,-3.23,5,-3.98,6,11.43
1429366002.000,4,1,-4.10,4,-8.12,5,-3.09,6,11.15
1429366003.000,4,1,-4.86,4,-7.78,5,-2.08,6,8.37
1429366004.000,4,1,-5.54,4,-7.39,5,-0.90,6,5.57
1429366005.000,4,1,-6.14,4,-6.95,5,0.49,6,3.27
1429366006.000,4,1,-6.67,4,-6.45,5,2.15,6,1.41
1429366007.000,4,1,-7.14,4,-5.89,5,4.18,6,-0.12
1429366008.000,4,1,-7.56,4,-5.26,5,6.69,6,-1.42
1429366009.000,4,1,-7.93,4,-4.55,5,9.63,6,-2.52
1429366010.000,4,1,-8.26,4,-3.75,5,11.75,6,-3.48
1429366011.000,4,3,-8.04,4,-2.83,5,10.49,6,-4.32
1429366012.000,4,3,-7.68,4,-1.77,5,7.56,6,-5.06
1429366013.000,4,3,-7.28,4,-0.54,5,4.89,6,-5.71
1429366014.000,4,3,-6.82,4,0.92,5,2.73,6,-6.29
1429366015.000,4,3,-6.31,4,2.67,5,0.97,6,-6.80
1429366016.000,4,3,-5.73,4,4.81,5,-0.50,6,-7.26
1429366017.000,4,3,-5.08,4,7.47,5,-1.73,6,-7.67
1429366018.000,4,3,-4.34,4,10.41,5,-2.80,6,-8.02
1429366019.000,4,3,-3.51,4,11.76,5,-3.72,6,-8.34
1429366020.000,4,2,-7.94,3,-2.55,4,9.73,5,-4.53
1429366021.000,4,2,-7.57,3,-1.45,4,6.78,5,-5.24
1429366022.000,4,2,-7.16,3,-0.17,4,4.25,5,-5.88
1429366023.000,4,2,-6.69,3,1.36,4,2.21,5,-6.44
1429366024.000,4,2,-6.16,3,3.21,4,0.54,5,-6.94
1429366025.000,4,2,-5.56,3,5.49,4,-0.86,5,-7.38
1429366026.000,4,2,-4.89,3,8.27,4,-2.04,5,-7.77
1429366027.000,4,2,-4.13,3,11.08,4,-3.06,5,-8.11
1429366028.000,5,1,-8.18,2,-3.26,3,11.48,4,-3.95,5,-8.42
1429366029.000,4,1,-7.85,2,-2.27,3,8.91,4,-4.73
1429366030.000,4,1,-7.46,2,-1.12,3,6.03,4,-5.42
1429366031.000,4,1,-7.03,2,0.22,3,3.65,4,-6.04
1429366032.000,4,1,-6.55,2,1.83,3,1.72,4,-6.58
1429366033.000,4,1,-6.00,2,3.78,3,0.13,4,-7.06
1429366034.000,4,1,-5.38,2,6.20,3,-1.20,4,-7.49
1429366035.000,4,1,-4.69,2,9.10,3,-2.33,4,-7.87
1429366036.000,5,1,-3.90,2,11.57,3,-3.32,4,-8.20,6,-8.40
1429366037.000,4,1,-3.00,2,10.94,3,-4.18,6,-8.09
1429366038.000,4,1,-1.97,2,8.09,3,-4.93,6,-7.75
1429366039.000,4,1,-0.78,2,5.33,3,-5.60,6,-7.35
1429366040.000,4,1,0.63,2,3.08,3,-6.19,6,-6.91
1429366041.000,4,1,2.32,2,1.26,3,-6.72,6,-6.40
1429366042.000,4,1,4.39,2,-0.25,3,-7.18,6,-5.84
1429366043.000,4,1,6.95,2,-1.53,3,-7.60,6,-5.20
1429366044.000,4,1,9.91,2,-2.62,3,-7.96,6,-4.48
1429366045.000,4,1,11.79,2,-3.56,5,-8.32,6,-3.67
1429366046.000,4,1,10.24,2,-4.39,5,-8.00,6,-2.74
1429366047.000,4,1,7.29,2,-5.12,5,-7.64,6,-1.66
1429366048.000,4,1,4.67,2,-5.77,5,-7.23,6,-0.41
1429366049.000,4,1,2.55,2,-6.34,5,-6.77,6,1.07
1429366050.000,4,1,0.82,2,-6.85,5,-6.26,6,2.85
1429366051.000,4,1,-0.62,2,-7.30,5,-5.67,6,5.04
1429366052.000,4,1,-1.84,2,-7.70,5,-5.01,6,7.74
1429366053.000,4,1,-2.89,2,-8.06,5,-4.27,6,10.66
1429366054.000,4,1,-3.80,4,-8.24,5,-3.42,6,11.70
1429366055.000,4,1,-4.60,4,-7.91,5,-2.46,6,9.45
1429366056.000,4,1,-5.31,4,-7.54,5,-1.34,6,6.52
1429366057.000,4,1,-5.93,4,-7.11,5,-0.03,6,4.04
1429366058.000,4,1,-6.49,4,-6.64,5,1.52,6,2.04
1429366059.000,4,1,-6.98,4,-6.10,5,3.40,6,0.40
1429366060.000,4,1,-7.42,4,-5.50,5,5.73,6,-0.97
1429366061.000,4,1,-7.80,4,-4.82,5,8.55,6,-2.14
1429366062.000,4,1,-8.14,4,-4.05,5,11.27,6,-3.15
1429366063.000,3,4,-3.17,5,11.32,6,-4.03
1429366064.000,4,3,-7.81,4,-2.17,5,8.63,6,-4.80
1429366065.000,4,3,-7.43,4,-1.00,5,5.79,6,-5.48
1429366066.000,4,3,-6.99,4,0.36,5,3.45,6,-6.09
1429366067.000,4,3,-6.50,4,2.00,5,1.56,6,-6.63
1429366068.000,4,3,-5.95,4,3.99,5,0.00,6,-7.10
1429366069.000,4,3,-5.32,4,6.45,5,-1.31,6,-7.53
1429366070.000,4,3,-4.62,4,9.38,5,-2.43,6,-7.90
1429366071.000,4,3,-3.82,4,11.68,5,-3.40,6,-8.23
1429366072.000,4,2,-8.06,3,-2.91,4,10.72,5,-4.25
1429366073.000,4,2,-7.71,3,-1.87,4,7.81,5,-5.00
1429366074.000,4,2,-7.31,3,-0.65,4,5.10,5,-5.66
1429366075.000,4,2,-6.86,3,0.78,4,2.90,5,-6.24
1429366076.000,4,2,-6.35,3,2.50,4,1.10,5,-6.76
1429366077.000,4,2,-5.78,3,4.61,4,-0.38,5,-7.22
1429366078.000,4,2,-5.14,3,7.22,4,-1.64,5,-7.63
1429366079.000,4,2,-4.41,3,10.17,4,-2.71,5,-8.00
1429366080.000,5,1,-8.29,2,-3.59,3,11.79,4,-3.65,5,-8.31
1429366081.000,4,1,-7.97,2,-2.64,3,9.98,4,-4.46
1429366082.000,4,1,-7.61,2,-1.55,3,7.02,4,-5.19
1429366083.000,4,1,-7.19,2,-0.29,3,4.45,4,-5.82
1429366084.000,4,1,-6.73,2,1.22,3,2.37,4,-6.39
1429366085.000,4,1,-6.20,2,3.03,3,0.67,4,-6.89
1429366086.000,4,1,-5.61,2,5.27,3,-0.74,4,-7.34
1429366087.000,4,1,-4.95,2,8.02,3,-1.95,4,-7.74
1429366088.000,4,1,-4.20,2,10.89,3,-2.98,4,-8.09
1429366089.000,5,1,-3.34,2,11.60,3,-3.88,4,-8.39,6,-8.21
1429366090.000,4,1,-2.36,2,9.17,3,-4.67,6,-7.88
1429366091.000,4,1,-1.23,2,6.26,3,-5.37,6,-7.50
1429366092.000,4,1,0.10,2,3.84,3,-5.99,6,-7.07
1429366093.000,4,1,1.68,2,1.87,3,-6.53,6,-6.59
1429366094.000,4,1,3.60,2,0.26,3,-7.02,6,-6.05
1429366095.000,4,1,5.97,2,-1.09,3,-7.45,6,-5.44
1429366096.000,4,1,8.84,2,-2.24,3,-7.84,6,-4.75
1429366097.000,5,1,11.44,2,-3.24,3,-8.17,5,-8.42,6,-3.97
1429366098.000,4,1,11.13,2,-4.11,5,-8.12,6,-3.09
1429366099.000,4,1,8.35,2,-4.87,5,-7.78,6,-2.07
1429366100.000,4,1,5.55,2,-5.54,5,-7.39,6,-0.89
1429366101.000,4,1,3.26,2,-6.14,5,-6.95,6,0.50
1429366102.000,4,1,1.40,2,-6.67,5,-6.45,6,2.17
1429366103.000,4,1,-0.13,2,-7.15,5,-5.89,6,4.20
1429366104.000,4,1,-1.42,2,-7.56,5,-5.26,6,6.71
1429366105.000,4,1,-2.53,2,-7.93,5,-4.55,6,9.65
1429366106.000,3,1,-3.49,5,-3.74,6,11.75
1429366107.000,4,1,-4.32,4,-8.03,5,-2.82,6,10.48
1429366108.000,4,1,-5.06,4,-7.68,5,-1.76,6,7.54
1429366109.000,4,1,-5.71,4,-7.27,5,-0.53,6,4.87
1429366110.000,4,1,-6.29,4,-6.82,5,0.93,6,2.71
1429366111.000,4,1,-6.81,4,-6.30,5,2.68,6,0.95
1429366112.000,4,1,-7.26,4,-5.73,5,4.83,6,-0.51
1429366113.000,4,1,-7.67,4,-5.07,5,7.49,6,-1.74
1429366114.000,4,1,-8.03,4,-4.34,5,10.43,6,-2.80
1429366115.000,3,4,-3.50,5,11.76,6,-3.73
1429366116.000,4,3,-7.94,4,-2.55,5,9.71,6,-4.54
1429366117.000,4,3,-7.57,4,-1.44,5,6.76,6,-5.25
1429366118.000,4,3,-7.15,4,-0.16,5,4.24,6,-5.88
1429366119.000,4,3,-6.68,4,1.37,5,2.20,6,-6.44
1429366120.000,4,3,-6.15,4,3.22,5,0.53,6,-6.94
1429366121.000,4,3,-5.56,4,5.50,5,-0.86,6,-7.38
1429366122.000,4,3,-4.88,4,8.29,5,-2.05,6,-7.77
1429366123.000,4,3,-4.12,4,11.10,5,-3.07,6,-8.12
1429366124.000,5,2,-8.18,3,-3.25,4,11.47,5,-3.96,6,-8.42
1429366125.000,4,2,-7.84,3,-2.26,4,8.89,5,-4.74
1429366126.000,4,2,-7.46,3,-1.11,4,6.02,5,-5.43
1429366127.000,4,2,-7.03,3,0.23,4,3.64,5,-6.04
1429366128.000,4,2,-6.54,3,1.84,4,1.71,5,-6.58
1429366129.000,4,2,-6.00,3,3.80,4,0.12,5,-7.06
1429366130.000,4,2,-5.38,3,6.22,4,-1.21,5,-7.49
1429366131.000,4,2,-4.68,3,9.12,4,-2.34,5,-7.87
1429366132.000,5,1,-8.40,2,-3.89,3,11.58,4,-3.32,5,-8.20
1429366133.000,4,1,-8.09,2,-3.00,3,10.93,4,-4.18
1429366134.000,4,1,-7.74,2,-1.96,3,8.07,4,-4.94
1429366135.000,4,1,-7.35,2,-0.77,3,5.31,4,-5.60
1429366136.000,4,1,-6.90,2,0.64,3,3.07,4,-6.19
1429366137.000,4,1,-6.40,2,2.34,3,1.25,4,-6.72
1429366138.000,4,1,-5.83,2,4.41,3,-0.26,4,-7.19
1429366139.000,4,1,-5.20,2,6.97,3,-1.53,4,-7.60
1429366140.000,4,1,-4.48,2,9.93,3,-2.62,4,-7.97
1429366141.000,5,1,-3.66,2,11.79,3,-3.57,4,-8.29,6,-8.32
1429366142.000,4,1,-2.73,2,10.22,3,-4.40,6,-8.00
1429366143.000,4,1,-1.66,2,7.27,3,-5.13,6,-7.64
1429366144.000,4,1,-0.40,2,4.65,3,-5.77,6,-7.23
1429366145.000,4,1,1.08,2,2.53,3,-6.34,6,-6.77
1429366146.000,4,1,2.86,2,0.81,3,-6.85,6,-6.25
1429366147.000,4,1,5.06,2,-0.63,3,-7.30,6,-5.67
1429366148.000,4,1,7.76,2,-1.85,3,-7.70,6,-5.01
1429366149.000,4,1,10.67,2,-2.90,3,-8.06,6,-4.26
1429366150.000,4,1,11.69,2,-3.81,5,-8.24,6,-3.42
1429366151.000,4,1,9.43,2,-4.61,5,-7.91,6,-2.45
1429366152.000,4,1,6.50,2,-5.31,5,-7.53,6,-1.33
1429366153.000,4,1,4.03,2,-5.94,5,-7.11,6,-0.03
1429366154.000,4,1,2.03,2,-6.49,5,-6.64,6,1.53
1429366155.000,4,1,0.39,2,-6.98,5,-6.10,6,3.42
1429366156.000,4,1,-0.98,2,-7.42,5,-5.50,6,5.74
1429366157.000,4,1,-2.15,2,-7.81,5,-4.81,6,8.58
1429366158.000,3,1,-3.16,5,-4.04,6,11.29
1429366159.000,4,1,-4.04,4,-8.15,5,-3.17,6,11.31
1429366160.000,4,1,-4.81,4,-7.81,5,-2.16,6,8.61
1429366161.000,4,1,-5.49,4,-7.42,5,-1.00,6,5.77
1429366162.000,4,1,-6.09,4,-6.99,5,0.37,6,3.44
1429366163.000,4,1,-6.63,4,-6.49,5,2.01,6,1.55
1429366164.000,4,1,-7.11,4,-5.94,5,4.00,6,-0.01
1429366165.000,4,1,-7.53,4,-5.32,5,6.47,6,-1.32
1429366166.000,4,1,-7.90,4,-4.61,5,9.40,6,-2.44
1429366167.000,4,1,-8.23,4,-3.82,5,11.68,6,-3.41
1429366168.000,4,3,-8.06,4,-2.91,5,10.70,6,-4.26
1429366169.000,4,3,-7.71,4,-1.86,5,7.79,6,-5.00
1429366170.000,4,3,-7.31,4,-0.64,5,5.08,6,-5.66
1429366171.000,4,3,-6.86,4,0.79,5,2.88,6,-6.25
1429366172.000,4,3,-6.35,4,2.51,5,1.09,6,-6.77
1429366173.000,4,3,-5.78,4,4.63,5,-0.39,6,-7.23
1429366174.000,4,3,-5.13,4,7.24,5,-1.64,6,-7.64
1429366175.000,4,3,-4.41,4,10.19,5,-2.72,6,-8.00
1429366176.000,4,3,-3.58,4,11.79,5,-3.65,6,-8.31
1429366177.000,4,2,-7.97,3,-2.64,4,9.96,5,-4.47
1429366178.000,4,2,-7.60,3,-1.55,4,7.00,5,-5.19
1429366179.000,4,2,-7.19,3,-0.28,4,4.43,5,-5.83
1429366180.000,4,2,-6.73,3,1.23,4,2.36,5,-6.39
1429366181.000,4,2,-6.20,3,3.05,4,0.66,5,-6.90
1429366182.000,4,2,-5.61,3,5.29,4,-0.75,5,-7.34
1429366183.000,4,2,-4.94,3,8.04,4,-1.95,5,-7.74
1429366184.000,4,2,-4.19,3,10.90,4,-2.99,5,-8.09
1429366185.000,5,1,-8.21,2,-3.33,3,11.59,4,-3.89,5,-8.39
1429366186.000,4,1,-7.87,2,-2.35,3,9.15,4,-4.68
1429366187.000,4,1,-7.50,2,-1.22,3,6.25,4,-5.37
1429366188.000,4,1,-7.07,2,0.11,3,3.82,4,-5.99
1429366189.000,4,1,-6.59,2,1.69,3,1.86,4,-6.54
1429366190.000,4,1,-6.05,2,3.61,3,0.25,4,-7.02
1429366191.000,4,1,-5.44,2,5.99,3,-1.10,4,-7.46
1429366192.000,4,1,-4.75,2,8.86,3,-2.25,4,-7.84
1429366193.000,5,1,-3.97,2,11.45,3,-3.24,4,-8.18,6,-8.42
1429366194.000,4,1,-3.08,2,11.12,3,-4.11,6,-8.12
1429366195.000,4,1,-2.06,2,8.33,3,-4.87,6,-7.78
1429366196.000,4,1,-0.88,2,5.53,3,-5.55,6,-7.38
1429366197.000,4,1,0.51,2,3.24,3,-6.15,6,-6.94
1429366198.000,4,1,2.18,2,1.39,3,-6.68,6,-6.45
1429366199.000,4,1,4.21,2,-0.14,3,-7.15,6,-5.89
1429366200.000,4,1,6.73,2,-1.43,3,-7.57,6,-5.26
